++hN7pdesPveGlMKUFtjRKXRFJFsVx6XWHB30g==
++kxxeTYdkxem52NmmMEdzK8cFuBmc0OVwgSyQ==
+0xmqbtdZAbW86ZeqtofoPtnofZH-D0Leawo8g==
+5bmtn8lGFSvc7hog3wR056e7ByVbQgOAm6Jfg==
+5FCcqZ2MC3A3E2RSNGUiu1UhFRKMW5Li4QFig==
+5KA55-LdsB9neb63ebR6UZBGi8sywk7vWB0nw==
+6bpdomxs9hXiIvw9JVjFIrgvvH0Q8qYhy8Jfg==
+8CWkwNZ92WmWeUvDkh1YRrSSRcTv++UcGRaZA==
+A8HQZh4eJocgeFEcn0gYKAhLamIK53OnI3Nxw==
+Ax+6nREtRTJKwLFya8uaI88nKoytgWhwHemBw==
+GZOQDQoN3eG0UFq5UTTx5KmKTHPlK9Oemj+sw==
+haqKhTnv0NC-cnxzDerkiNQpRftJYfQGlNnMA==
+Hb43xX9oRkznb8XqCfvf7jCrRUwt-42Ic6S1A==
+NT0u1V2Wm4UigWLn6uBKSpuPzXhqQnMG+IDzw==
+OCjgG3jWw4YkS+g2A3YxJkQ0K1nLMJcyXjnDA==
+uLcMHWRa9nVr68qDpoS8X3MMudjk-YtSsYPOw==
+uOeJxlsassPbIYxB7DZ-v-gFzeV0ykYQD3yZQ==
--Z8ka-DCEvKBeT+KFcpOaXMcdI-2YcDEIFQPg==
-1N2iJn-L9x150obm3gbN3s6qdlmXvJ1G6Q4Jw==
-1Xu4yy+6Q2ZyJROCNcLO3y2uZXV-hSL7HXplA==
-bLNs5tQG8Q7Bw7vY+J0JG040HyTrbWziNnF4w==
-D10cDdqidZRMds2f+WlBpmube5L44zrWUr+mw==
-eVzng2wd9f3UfyV3FVf9iQNWJxFpEV1FUDsEw==
-eXK4gm-RBEbFVXUolqRfpEz67IzrYPow2zEmQ==
-huQS87eYPCkEraZrQiL9KiOVQ-iVugTHLICWg==
-NZgk0qnSKK26PHF7tXXWiFoEbxgSJcs3kQKqw==
-oQhfSdxDF3XEth8hjgFzpIwvcEpM4MTYB4SRg==
-PhcR6HH+nZE4FpCDyns94q2Q8RKLhKz6aewJA==
-TAD-pQ4OE+EsxqVWVY4ZjcjMpoWN5rhGBvyiA==
-U+NZHd7AZgwi+kbk-6CM90vZ9g-3bOe75zGNw==
-WdljqFsTx0MDhBXFetcE-KWiiyBzVIqDc4YPg==
-WrH7gHBILO+ZOe43vY52SOQjrzcpnWxXbp8gg==
01aAxsfymNs8l1dfVgNaNWrxyRl35lfm3TVRnA==
01Y8sv-wkTKmXogBP7mrU+bPShycr4kRWIr5aA==
025cc-z+JO6clVObRJBJfHERaB+XkId+RlHXmg==
09-1p407gjLC4o5-O0y4d6uc+wP09lPz1322Iw==
0a5ziYB3vI1O6nEmkWhnnxK7bvlmIj13SYdaLg==
0aEp8x8mf0rDJpatqbUFm4X6n5760JMYpL0FVQ==
0AVDjyJZZRn2JnnsOIanCB3onwLB-VqdwkHo9w==
0BVVnH4Nr7HVHlUEw5bcf7xkZOa7fuVWzd4MLQ==
0Dz5F0jfvqQL9ro1YeuwTj3ripRWA8XpOESmDg==
0fjSbe8KyCZdJd4pTLYlvvd0tEsO8lDwlag8yQ==
0I5LyaYVr9iTkP652OjgwfHVkYuMkkndHpSgUg==
0L5QlbveTiWQt+8J5+YOG96awhXs+9KwL17Ttg==
0n+1gAhSX1w0JpKL7rIQXVXrmSJTl2W5MH8dfA==
0opOPEyydhrl5JF2hltriM40fFGxC5ZRrLoTSA==
0pdGnvwYCW3JWtnsSI9MHULrTtJbF+qtDa7xpA==
0QF7hc9kP7NiAp-nYKxFsjd88WVYdkHaaZaK2A==
0t0TQOoTrvDmxnb26+zDNi2AIGVwJcXQMV9XDQ==
0UMff4SN2SHwk8TzNhvHFnpcLgsXXM7rhGHxsQ==
0WhP3U402p7yuVhkAv4r4O2u2eeqZwaPqO5qSg==
0z7I1n7Rcr7iO9rrHdddob9h4+sPfLL6n4Ancg==
112l4Zltf1-D7tQXnS5WMXv3hHNesPRJmOgyDw==
17qLjq8An0rZrer4XwEu0ac1kixxSOoWzcpQ-Q==
19rdRZbLU0Cl2E62zvN-4A3Xp9W+J6P114M21w==
1ABNT8821hQcWuaF7TB3q-pd4RWIZ6RtZmL7tg==
1agiBnjTyRXtDjjYqV216cq0CvQS7ADY+JDKlg==
1aQ5eGcZCrXISes4u35NHO24+v7zqvVDvYZCEA==
1aziP4+6Z77qf3c3oc6Z9bd0SE1iSvY+8EFxtA==
1ddRVuJ+v6H49lj+gEVHSFDHjjLmjkLNCvV8+A==
1eD5bG3757ZopG++A7yK6OcNPPmIN95YfnCXrg==
1fUEAyuRJ6+amXylxtDrS+sTZhbhXZPF8dQnyA==
1GUY6ykIIsGeCg0i3bhe-tUQhOzRRgkgWXjESA==
1i6gfdGRjImUNwFwmuwY8il8Icq1hyJmeO9iVA==
1smXzW5L9rMGHo995pm4jqJrLP7o+7ngTdADYQ==
1tQ51aGBPzejJIDbsJ1ZI35mU8O4T-BGKZl8iQ==
1w0zJ5x1It2M3LvJ1NKCf4GkK-ehHLIk80iuBw==
1W9YB6NL4ls+9tS9QS2B+QJ3EyzcXTq4qEDD3g==
1ZDj2PgLraYj5sqGGMr9DSled6wq+V9jhEF5Bg==
2-ePp2hFTGhf9bUUROB1-erU7kYm5-CSaM-BPg==
20JDECaSEleljZGojFMwjO8wEZLnE6HpzZJr-w==
20kFa2D6QD3iwzmqGwXJ2hEjly+LMnpKToGfpw==
29rXP3rh98eXookYgZJIY+AojZg25G3D+-VQvA==
2EFLJBaf2Z6b3abJSz5j6PzBLG+7AvSEVL+nqg==
2EicItVkq6BXmHeODymue0iY+ieuXQp0Vk9Mmw==
2hqEx4mlm+nWjSZLCvPZG0iWvTcTP9FamA8MiQ==
2ieo3oce4U8EvtR8E6CKuffpebqm7YhbH1ofUA==
2iTV7T62dxZ090vOlQA4gmScJz6nR43FOCBBvw==
2kg8OzXrAcb0U-YXg8q20EWkmfHhBCEqtXJ2QA==
2L3MWnLQxLQvzx9bNnizDWQRLpSWZsFfm4L17g==
2lVjnQSTRI59aBO-NhAw2zRVMjA-cVkQN-FZ-Q==
2m+WZY3F-pvHWtOA6mKxhSdM1n4dMCBmBZmFvA==
2mp4Zch5beO3wmzBE0D99fK2Y0n2tQGTh7mh7Q==
2oktZCuu4moZYEMu8dIx77c+eq7GXH0xItCZJg==
2PPliGNqtksG3kCNbgBqac2SsHERdeAf8oGrFw==
2pVMnV5RgkBbTUcOvlB9E1aem-ZTyzNPMz-08w==
2Q2JhuzM6fPKftn+g8Cr1hfJJf5xI+ccArShlQ==
2t-MR2EuurrWToPFjby08zP6fRjt5hpZb8WRpA==
2UtLOmsr9cRicWFE6qiYIiFObVh3zIftLzWp7w==
2XC+g+00lTNkiRYYVHQEMtISJr3uQ4HySDTMOA==
2Z210aWqxDC+eQEguxaP0ZJ2u9FjDa2m8xaY3g==
32yYPkF8XIBCwt8AhswpxvQWGuvtbZr+85bHRQ==
36LsuXkMK4qdqgUi4eY0kIHnORJvax9M17Q6Ng==
38An0KbMly0DKFaxeAuUUeMVbNu9-M8YjxV7zw==
38EuHrXjifDcOReWcwrQBVDIAzP-aUrdRw19Yg==
3ASzvmlfOFaTapmLkZfM3JZ+GDochDSB0uM2QQ==
3dmjPbb5xuxv8h4J0-ELfCD8MaEzMWpRcFq5Lg==
3dWIF+6Pg+tBmzgP9kX6yA6oK4U43eVdkEWWww==
3FdJkaSHwehBo+sz5-nX9YSjGKMwpa3l2HyOVA==
3LPCTedOxuVfKFANqkA0ZiMPXIG-Bg3kQ1dU4Q==
3mkzOneM7PUxfpQjDjd0ly26pnz3EKKAjbVatQ==
3q19-p-SVL370fKr1GJpKVt2NQydeLVNYHA0YA==
3rk3UzE82SalDAoyfx4Usca+8eOEn9DjIYvj1w==
3uMNekI9leOQRRv3LXuKAmT0BEvhjIE5l6TPOw==
3WEvnPrlJD7HXAQ7VL7j7hJfh94mOvBGod8Bew==
3xDbHYjPSeNTYLxpn8SewF560cBthnUBbBITWA==
3XWxMVt+JUvssD26PCR5FjnVTPdjCC4tw3j2IQ==
3YCAILKNcUrrw1SIptxTfIS6hs06-50cheyupw==
3YHt3H2EMoJwb23mb+spf5uvYtgcHW3b2FaGkg==
3yK-qwyd57+pnRXKYCKIZta+i3Cjj2ewN3zZ3w==
3yk1ngGFinosXDbO7GUO3v+r6dXL8ho07uF1Qw==
45woqVYtDtsm+sZtglCR6QxxeeQpSbgP0jBXGQ==
47HzPTErTiPCA+bQIj2tBJzirfcHysZJSjlToA==
4aBtLB0bI9KqURIedY1x4tZpWygGe2xynfhzTA==
4ALnYWzNf0trIyBR7oMgTB8cbC+xYx-b8gCCgw==
4BTVtdT4-3ncmweM1n9N+gNF7q24bvHOR0aXAg==
4dqS4kfe6FKlb3ahk6XZJaiYMB+L8Tv9hpHZOg==
4DRrOzfpuFZFhDiFDjn2Hs1diCK9fQmjnFxnmA==
4EF8Ei51y0buNMeI3HEVRDLXDQ+Vqy2Di+EwJA==
4FJgHtbkZKH6lU0dI0snpYYRslyMKB-9WLqotg==
4IDFAy8uHidP-5WWkjtXk6hbwGKe-mX10xPW7g==
4jZBlFSS9ymsz8MBc8RDIrynh4CmVI-LNnlk+A==
4KAHe6R+0Rb07Z2CFIeGANQpFz-XxS+I-TnUHg==
4M1ZM4bLpZwNcdVApEhLXkTzmnRuIqyujQXAJg==
4nA9VSs4rlsHEZcDgJkV3xeF23CWNaRVofkkwQ==
4seHws0cD0XPJAPrcEE2Qk9XuVFeKc8Daw2sgg==
4sXDpuzsFzqEsR+RjWuAUEOVYquminooDPXPbQ==
4t8G3R2LzZQ3a0WQDciA6Y3k3iLZMv7zinaa+A==
4tIZ6kCe+1nUT6x5X26KIfMM5x1J1BcdNNBq8Q==
4va1mieUeQc-v5f-0IJr7n+NObpEyxOYrlUpow==
4WmXobKLTnyzYkxFHaBd3qTDXlBpsc8skz1pYw==
4WwEPIeCS6qAY4XHtQ+Rc-vVx9XcQXx2z30TpA==
4YIynGPX5MT8Xl6mbC57u9UAmT1WCqKbYoCJtA==
4yj5WP+y5risj-lTSmy4PTrRLS4tQPk7HYkk4Q==
4Z6+uCb53l4j-TGrhqVDFXYrtMWqvsM4JYTotg==
5+m0-gASRYaujTomxpHHQcBITp0hSQwf99Weyg==
55dTu2rvwTa419BgV0x0sFlsS3NbYj+ai+tRag==
59ftOBZ1RAtIJ+K+lpytNGP3PojX05phnj+H4Q==
5COzIVVlPbVov4CxDBODZZn7e-smg6RguW0FBA==
5Cq+BVBMAiCNlT6R-NbRCJwqImcxNvLoxzJqNg==
5CuOUr1TmS7NIE4Xwm5y0m2HUgO2ir7UM8pZiA==
5dewVU9o9N+6YSgzKQs8qNfdRhYWf3w7Cd5Cmg==
5ejxLhx6XrWbrcYNwnzjAK2eXQy-mYHe31tkmQ==
5g6PkOy0g3YyZrEXAtqzaVYvXEZVYSqJOpAFCA==
5hzutxUeGEWJQg4AFshgSAiuplKWiH2tKj-szA==
5jJBCME983YWpYTiGmvtjYc9dB3QWavEjwr7ag==
5MoqZ8s1CkKNPhKoqexE-O+xSl+SUqmJBNWLAg==
5MSxPKVz0oXrjCAv6+-xOaRnPXMXj3+lDSJbjQ==
5rhmJT5o2NW5CskIXYMFjGvrAqgUnuatShloNg==
5sd83R-ORnnWuRKhsfZWMC7OTC7ZDmDDd1tD5w==
5SLIO9ZZU1zI4IZreOgG9HJvNErSqZWgO9u0ZA==
5TB0GZ-jyzcJ7HFh+76esZtDkQZqKQr36sD+rQ==
5U-gGMf04Xl0tISudYXJPoN0prrMlzFCN+z9yg==
5xW2AP-iAeYLdBfQ3StERUqTCoV0MiMXla+j0A==
5YZAUhE7wGKUbS3XOx8f7nx9Oi4AE118UkBrJg==
60x+u-bueZgxd5i0SZi0QYmu-6XoKBhFqv6MVw==
64hhVCMl7WvDRhmgXuniyUE7s6BXI7AFZ1+83A==
67VYo6LLfIsRZMCt9cn4EwrDX0RDO-lVK3ip0Q==
690+C3tSE7ztTEhBODNJ-5-m0FkBAyM7MaJIZg==
69QZAz8L2OtdXfs-VgazCHx3lxI5P21YGGbIZQ==
6azJd+SbmrlYCpNaSxOlIwpsYyh1eSR5qBpq7A==
6bbec5krwbBzGB+2OtzQ6A9KdcUj6D9hV8ATHA==
6bbZJ2p+Obca-xnxRJiB9fMyvcJ-nFPO++hNGg==
6bgKXTXBvqk53sRpdedDmkq3CWsuhaIHuyandw==
6Bok8Pn9Ei7Wx+Ag0Hf07CK7dyHYiXbEstqlRQ==
6Bw1-sqlbKeTwNlzXeH+Nb3c4MmY8SfiATIrsg==
6fE0-oz1aMs5t9QJhsDJE-Wa5Uqcl88RnmlkoA==
6gEjAlMXNZeQRulHKaHKJ+RAn++KnbEAG5dBMw==
6iTm5PXFsZQtEU506Z41VRTZYcs4qvQ3e4OaYw==
6kdgMNwfPQ+5UWisJv57IabQCfOUH9T6aRsT2g==
6LyGSgCVemdKsOj4qs2YFWIcdD9QttwA+ra2yw==
6MUqDB5KGuoQ4K8s4s25l5WCmlL1uJzzzFr8Hw==
6oHDFIblmveW9E8-RUIsL8xU73YIb0j7mu8WgA==
6PuHiE3HvjjRXBu8grXPnRR-yhyR39ziv1TIow==
6tYrw23KT1JAvSwLdwk2pfkb6yXI7GNto5D3rA==
6vO3UxNiW+7uj74DJliiO46JTbu2q6ns4F392g==
6WepJBr+oT0fVrtyLmhUFOLx5aHgQWJKaHpbmw==
6wYNzm-uscPNCtBiTluK0gzuw0+MTB7QRq7Kkg==
6XwlJAySmbjApUvBdMfqIiEH03aBEgmS55GPbQ==
6YxlbEYW6jJoEwLX5x2nWbj39l0nJk5k1e4ikA==
6zYeJHSyC6Vbo46cMWYNWcIxfVYP7THI3dtI1g==
70cBvyoUdGf2-Ng6b0GfMFcbHyKA3ZL23OATOw==
70R7EvdtkMH-LHy9-dnfMrOgroU64sBXnvLmWA==
71RmxDLAZhNFTW+ovT3rSZhbBkbMK0jjcK2GtQ==
787aoyLhSHgj2mcKgrygm7IgyYWhgPyfNolLMg==
7AOjNRi41fVcyC1lrM7TtRDUdV1vIpSqA1a1pg==
7Aqnf2hSpB0j35rANass282xtwbA5XQ4OJ1VaA==
7BKXY2usz3bbGyWtf2sirJEupUBrdM9lv+Ajsg==
7Cwkj54KsOHsTv-H5a0Yg-UQ2ot4ugHaHSic+Q==
7fhc+nSESacXAVnhiqMuzLv54YslnHSJqwNtoQ==
7FKotpd9eSLcpkQWovqMoxyZXvxlWeqUip2fDA==
7flMI4esF9vyvyn3UK+v63qPld5rEzOSTU+Lfw==
7FMG5+ntqI6snXmg+7FkBvHNwkh-Wq1n2NN1+g==
7hrPvhRGaN2yJ9A95q-Znh2F0RSbVt0Y9TeHJQ==
7iGMLDY4rf9aKayqNUFePduqneuGv1hQep099g==
7jzW559OM88xQZlmfqInVAZapqOz2KTYpRpkAA==
7KcbHcq16f-VbIvMoHgNhiX4cq+CUWTWN8nm5g==
7OUSM5YYJoo1OYCJR75xpwXqI3XH-7gDvD-h9A==
7PcXFK5qZ4HvqfPujOq6bEKOpQje0NyOLeaRpw==
7QTEkX+TDIt2QuslLKzDLvaKWspz+jcGMITcDQ==
7SeZVXFfTOV3d1gUAEMu6SSTNwbwNK08UQ2OVA==
7SpHsGjWj2mvaRSI+w4FBONqYJEcd8LA3KbA5w==
7Sy213bqrktI2R9SDeGMUGi+CHhmvXvRWsyT6g==
7t3T6prPYNNbYc96Gm+R4foNFePU7aorRa+Hug==
7tOSu0cTNWpgdgCtyYOQ0paX4Qz48ctMEwsUog==
7whGuHVFVaevXOa7LsCDeWxa3TfZU1pUlyx2kg==
8+Xz4iI6CgpD59ri-+WNJ3rqoFt56+Zs1k4pNA==
80atD5LiDd79OIXv7TsZdBShcrAdnI3I4YxRtA==
860l71Jt84v1+HCK9Ji4x1GlZNKhY9h-p1lUKA==
8aEquuGnySHTpnQwXnBmvtvq4wiugUzeGZglnQ==
8C-1USVgv9+BiYrgsLT9rPY9YPvr4NCVleHGlg==
8DDsGEf0FRHcmNCfLuImS6Dox4-OqsYdqPytGQ==
8Er7uyb3xKUWDCOpF8tZUQIcp6Twu-vcvPufFw==
8f8AJ5kuc29S2mQmYSF6zsnXLDIY3By+yz-UGg==
8gRWSVTL2holzeN8M3IWLbJ0SvirvyXRsFT2eg==
8joyp1dzi+jpKlwzEekzRHKeq3oD3ZVZe55cFw==
8jt+XZp2eh8k+FD-tKCchPO-NDa7dxxWft-h2w==
8K1hNsNK9yUjJz2hvPnjulbeaP9yqK5-1HIjjg==
8oh1dZ1d2I7EBaVcQLTbtrVTWCf+odDOT5R6gg==
8q6gvVltA0jbeVAlD3CydSUjJwZDgrFXQxH2BA==
8R62pq6aowO0MqJ-veFxkckwFxkpOJUOcMI7dw==
8rxrLBNXM0Nw04X5dOJaBVNNQajPxf6bsg-7hA==
8rzLDwWSJHEwD13WO6ecbXDt1bmeZesUoulsCw==
8twE1xA0zT4WFgnQoh676koxKaFHhaHBPi1MjQ==
8tyQ+Ylke6N+5bAAfgiOoI1qp0rIshwnnjX0RA==
8Tz8uazKVvw5-B2NkI-0RcF3HSlKxan94itkRg==
8uD6ZQhacen-yfUWcKt-8fWHfqyAYSLeRF-uDg==
8wh3SDOYaiOOBmp98EvbS3wQ2VP6o2+PqQZfRw==
8Z9AWFg+plTAwVmqzDshmHF4KjZB9soHiPeS0w==
93Hv9nA2W-CZky4MMqpigsPxKgk+i1hENicwEg==
95+FE24UBumbhtpEgkAOyg7qjJginPkMy+J4fQ==
97bqHEhRq03GLomGDk3LqW242jI6qinkW2ZSGg==
9D9OpE7Il8F+EBEWc5eeYVlAQdJXuBUUHySsqA==
9Eh8E3UftH0+pybOu7gMxVF-3hsWQL4ZyXq-6A==
9fK8lvmBBnl+RX6VWSIKCBoPzOaA-PuzUj63EQ==
9gnWbzskQjQ-10tBDcbeESxo0DUX4YCIChiLeg==
9HHYBUHtx-VcA8MSOhuJJhuDAoZgjxqPts7FPA==
9Mj2yKcTff8WRL1bPu05oh9h3uGQbN3LscJtHA==
9mJMZYEBJKSefUJtzFUUdPDLkdqs9GW50OOQ7A==
9ne+FlReCS1ErF+4Fdx4dVM6SBbdW2BX6-lECQ==
9QpSGccenU916VEfLWhgmpUwarhazH3WqGxaag==
9RFf+ANdkQhYkC1stGFaEZ9MxmnHdD8k7b2P1Q==
9sozusXjINp+s-FGqYLRVaOGL5W9HLA80pmcog==
9sQtpwr6WO3KfIblATZW7PYgPDH4nFlsfYz3WA==
9VYue0-Te260I34RVE168lJxC3rQ5NEm2NrjJA==
9YhfgBKUyWEEGCgj9-+uA90PPMl7GkEynH1buQ==
A-niq7F-X4TBdg7n79f3Gcv2bEh2qmoTHo-d5g==
A-OV1n78FHKyt0gfjeS3WT-33gUPUXNTsw85MQ==
A1laaSQV-b9NNxSm0UKFvWz75zvQZ-YaK4fpbg==
a3Dp9bls5UxIgsh6PGEpuitSeXQ+lt8MCqADWw==
A4Fc2GUdLrqxsSJjZQ2v79BgOPahO63qOeDCFA==
a7lAK9ty2TOWRdc04XdIHpTC8xy4q5w-7Mqe5g==
A81CbSgQ0OipM9fmPcwgwUqeRaw4Y7HodmFkHg==
a95uyER2kazkqbgx8U5y2Y+0YPXpxaUVWWJnMw==
AC7c9Cf-5hQoPwufVj-FucItG6ZfSNYRv4Hunw==
AdNW+fiJgRteKezbq3MV09oH8+jb67018Oqr4A==
ADRegUoGSsmqHfr8Q6i32gkAgaCb2bqCVqwR9Q==
ads8vWFl2EiZZifABRPuyjfZH2Ta7Mqt8Ijd7w==
ADvfZvwsleNlhTfVU9IH+aCGSawoUnMyjhcJDQ==
AEMtybWgMK4hLU5Xf1aFZSrngR896PgvmDbpgA==
Aeph6CkBtvgV-MglTjf3KMjMb54GcqDZCGvwNQ==
AfkxNNwIIxWpypMGNWt0Dn0dAemn9JMqXIHINQ==
AFxK-mETTguwHZd6xXidWQk440VntsHvXxl0Ww==
Agj5EGjxclbbXW3PW77DYy4QYkfZOACMNNcf0Q==
AgLi1TRH68onyGPd8Xcz8Z-cXtGinADhfQwoVg==
AGO1fHdGXPe-OzR5tM0HpiL7jpjEuVxvLeIAbQ==
AGrWys1demwYILhw2hW6XiYFj6lgKiHI2DwK0g==
AH5UHpSRoeaelvJv--1fKcnJ1G-7DEkmFkr6cg==
aHn7c+wDrRi6yMbbu17Nr0+E2Gw7c93zmSb+2w==
AIhOh9doi5qkT0ubXVp6pMR5Vv559bQSknI7Wg==
aKoqh6eHSfFj79fMkE-EdjUP22w2wsQmzfahiQ==
aL5cQpFP6Li2D5owL2fEIs7Zph-apKgQdOHUfQ==
ALDfu5G6mp+cerUZrm4bVzvAbi5LNOhrq3SJwA==
ALkXrcEQ-meTjBvcfMAexnwH40ez3bx00QCW3g==
amHFXg1n-2T3ku6Vc9pQ9pEYRNCtFn2mLGWOZg==
AmKqQm2h8vR1mLhI-MoaCUl-31pQdt6YWgrdMQ==
AMMkBct+GWlEHIvvfEahnrk1o2Y9Wr5LMPpnxA==
aOehF5w3qs2Vb+L87oUvUSqO45ZF2fsqf2gl5w==
AOx-CtlTmPTQE2cPD8wFctB4pPdU+swrhHbZHw==
AP-2zrJc4QRwlMB5pMSOLWqugMgg44oEr8JzPA==
AP496HUruG6pEx3MQD4lOwT-Sf+cf7sFPiLjqg==
aQ+6lr0xyBBNUbxInePnYfwZ-GsYTI0Xhc1juA==
arfmZK0iC2pbkldrVTv-P4Z7HoTaVqqJkCPMng==
aSeU7Eyf2JC-miMUj9xPjxjyZNjXTMbug1WRFA==
auD7un2G75I3rKoGMnUmr+u4MJit01nO-Ltxeg==
AvlxaWDo3THR9hSpCXT-l4k4bprKK3C9dK1pFw==
aVn2mWeNGQ4GSEhKS5zpf2nKozaySROMPUX9rg==
Aw2UWGsBdPk2rGgp69BFbg23EPDlkOb1UxhBlg==
AXuJRnQEH35KebQ8kqLZ8XwtPOvvsqxTK5UIRw==
ay7INPEIYnxzQSKUUAR9rtpneU1fYI1EYr8w5w==
aYyM2P86vOKWSUcbot7cRDiXiCFNqR2ME0DKfg==
AZdBGewyLhufTPB3xeALLDS8YFZfxh7xKqTEig==
b+okdaUzoG+f2ORizJpFEyJKLbkeXIrvfnpt4Q==
B-UAdhVWa5Drh0ytEVTD330t-t4HUme+rnp6cw==
b1QNLYzMEjm-A0nHyRo+g4O9IBMS+MXryAdcSQ==
B2sQX7Cd9ELz08ldpaoyFOKTvdQMvnZuGymYsQ==
B31UpBjlfNzP9ZFVyV2WoaK0A2PdvmBqsCopcw==
B3xVy6SbLe6FdtizemwxN3COfdUQOR1Wysu46w==
B5iRxlqEFbch6QUaCQzk8j17-Sys65hGd8-NLw==
B6Ae6Jq8MqI7lgy9S3bkFaIoDZwFwpamoBlcLA==
b815t3bAxGGY9UHD3muNAdDw8nY4fv16mYIw3Q==
B85LLfn5s1LinFAi+iXFDtOj9nMfA7fFBTmGRA==
b8lH5b0YUAiSZYhbmMgaaVgRRchrZF933uX5dg==
badqGDkA60yQ76sAVp8tmEylTvOQKYKQ5QoHTg==
bAh0OpRWtzp7ZYTunZ3AU3oh7yHUNZJtBnR18A==
bBdmk1Fy5HU4JdnuAksKZQDucWEqmdsuwTgEDQ==
BBy67BOxddZ442vyXQ0MGK1iwlB5zpditXANeA==
bc664wgCaRvkP0ttwKvzzb5q2fvZtGcSLQXbwg==
BDj5fo8jFwvNf6vaxYCEc9fDHc45to6xjx-vTw==
Bf-3yMrLJYneSpulxvOdl3rfXPOI9nMWmCmP+w==
bf5v8w4SHVA4P4jTDfjbEiPNfv1xq-HpOpYI9w==
BG5V-HJmxJPKRhHO7s8baYPsLFA4vYud2-8m0Q==
BGLIXq3b1h5YuEmaAHE1PUfH8kELNzogPlKJ9w==
BIxbXOyCCwyOztRdEQOOgZc7BeuxbOot8tZS0Q==
Bk1FQXqWLtVGfZkCcJhYTGw7CMM-mAgj37yFuQ==
BkLHkGakscBhYKVz8MCiDlQB5bkf26YaDmyxwQ==
Blj0IVVJX6r2IQ0D8FQFx4IRAZR8FLLCsp-+NQ==
Bm2lxw0j5Y7DwxYVZlN0KvgS7ss8KLDO0dbwQw==
bmR4OyiBL4AGikF9CrT6VmyriW6kv-HrxZwNGA==
BO05AlSkE0Q84+EMHBFVfrUykDGAEgBVBTl1pQ==
BO8NupG8-mHh+6zw-PZcWDAvOcBaUEJTTW-UWA==
BOb26diKznf5neqLunrzYg57u2lPIug4Ox2E4A==
bORZjtAHZKTEGq6YyhVdWAx4eMudEotjfmRJQg==
BpRjU16SAvKYzZcJMUsEDaEuH5H5lLMFRNearg==
BQBamHRF64tC2SB0eCKVEFn-m4Tx3IDFjG58xQ==
bQGMpTFK9M9L4RlZp8Kg0SSg+7KacLbCF6n3ng==
bQgSWoC4wR1tRkPwcWXlfzoCGFahZiJ1uKMkew==
BQMmAcEpDrGWlvUeoraiyVolKWhgJtIjIUkmhw==
BsLdaBmpHHizFnCRw5StirNT5l9sNSSiTcrUNQ==
bsPZxBF2Vu7PuRI5e4O5lqVENI26nWl+4adisQ==
BT7W--D0wsm9mfAxJoLhXcLW1nOLk7v2CUhqKg==
btATWt1Dps0UP2OSTdjTr2p0onbOzHRLqUGc9Q==
Bw6MAQWl4UOdK7R+FpCSFagWTRfh02QjVFhphw==
bwQbmeJdCyfrKUF9ksJvt28JCmBq40TeYzuJyA==
c0P45GZXKqhBcDZoU0PS1q+AqOjP3NTwbDYhkg==
c4qIQ3T2bDQCdvs6+suAm+YkaViwx58C6UA5VQ==
c5VAyvmLA6OKIGtbeOsvAhS2+jYSiDkqhyFOPw==
C9EkI2butOL9Ui76WFd5uAI3CUL6Ahv9lzOPpw==
cCSzmbzOxXRiaTZbZlb-DkaM+kygFCQQUr3-GA==
cD+I5dRfLanWnkw9MT2vOZASRuS0N17lwIsfEQ==
cDS5FzdoFTwi5W1hF200EleEmn8IfYO9lO5zcA==
CfVQzKwqiY6FPe1t0I4FY+Nv5U2mUp2VGqOTWA==
ChR8LinddPkhQTeHg6IoySLJH6i9dX7uBJPuyw==
ChRpOZAbiOqF4bO2nZS2RbUZcoHC3lapboY4Iw==
CI2zsm4kTVsuqJcNmdgtHay-f+D4L5LV7S1gUw==
ciBEiMsNqOfrACng-po3C+IJc5pWFB7Fy9QHag==
citUmfTcNQW483yS4ItmCdrSJM23i8MrwNUOMw==
CjdDuD69oxK5R225gz+lDE4PeubTtQhS2E2nZA==
cL7FJk6vGsg0Yu+tbH+hCkj1dBwub6cYMSrp+A==
CLc9-v5OC2FzwwO7O6oFFVMgRKkqr6rKGshOTw==
cLeSCjVNDc9o+f9mvqopxcMa4SX+-09WOs8lhg==
ClGnXTVZeZS82USuXLsriTJUH6Cmvr0UZmx30A==
CmoDaMWn+s7ruedphYP+gpOrnv0lColc8An29A==
cmoQByoUz2yiJ4XQ8uYyRdobzuyjGe2Qrnoxiw==
cmS4YTy4lqikR2Jvl-GdBLIal82y-w19DHJDVg==
cOmzYcvCoe0ObkETlVFghO9MAb2wKoxFEn4axw==
CQw6s8BV-s4SGF3JRR+QJf2y09GzVO+uOk3R+w==
CSED5iekKYpPaWuLaTgBVf-PSOLzC0v3LqugHg==
cTjGUZvumB0x+qv+SpUScnhP3ILT9V1wCtWS0g==
CTNsADudC3dUkMuESt83Va74zCRhuo5OyRqaAA==
cUC5yDCD393dCIcCMWor9SCldGeRhTlckQHbvQ==
cUTe5wsLVJcOwwWNhN9ikyYFcget5L67Rp0FBQ==
CUZLwNhKEwVruecNazscmg4ehLRLeatkyl1hZw==
CwP5RpANzbh5lZa15WBdgYdEz5roLbDi9dyf5w==
cWSgWodVHFyBa6D7QcgswtJn2YM7u44z14pjtw==
Cy3kycSkxY-iUHJb8DV5VAaqwSGl4gMi5J+1ew==
cYX4Dyv7b0dKUoo1-tCTRacfUAnaTes9Lvawkg==
CZ4Rx+5G7LzgBgAwZ4APxIIRVPe721YoBSd10w==
D+0CC-1A0b4ckbxH6btmnPt6YWFdZGwYTWncpg==
D-TM+SCRqxc0IrXuVt+mNn47ri0mYrz8KCY+eg==
d-VIXeOYkv62yOCsv1C60nTQb4dvkQsS0Zc8aQ==
d0i5NUeKE5WedQNJpkhC+hA79gor9kSPFoCWVA==
D4vlykN5fn7dGeiJpcAZe8f3LCJjh1dDrAeEIA==
D5Tjnv8EddwC89fq7nf1nIln2SplzeJIvXVrfA==
d7GRSHZZcZQBZpPBgD53eZIXNjPTJpveuwXrag==
d8KS7ZAQkY-xOHew7MOaVkmrwQjvpETW3Mbp2w==
d8TeYXs7G3wDcZfZaCpq8KcW14ZO7Jad11ceFQ==
dbdnUm-zKbBd5TbCSU7QggnMNrBDTQ7ZmHMK+A==
dBUwxFiOVIrY2SG+6pcUCkx7TM7Udd+Sc294kQ==
dce-UmSzKNdof+yVRnixEFM2fdEPN4XeTtSk+Q==
DCe7W3Jyloaqn2veT7zPqNi-8g2xb7+v2HTADw==
DD5j4uAaAEpzQ+SkLShhX2i4Eu2OXaK7OGs6Tw==
dDbnt-FGuDeGcZQSozaVkEAH6Lngag4dJUY0qg==
DDD6EoDnupNwJGgxz+nj5TumOQBckDVEY8dYmA==
de16cEsQeTd0qtmPK0iAgOZVnHXewK4yZIrCtg==
dg6zfjjTxkZlYkrGViB+h0zsx8DfZGa32BxaHw==
dGgsLcPvU013H-drk1YqEz9WbTAQdfQ6j-S-nw==
dGtLURatcEqaUajHfUqYBTebtfXL+nRhHJ+KKA==
dHHur4XqV6Bbo14kp+wk-l0R7JsRsWWr5zE74g==
diDuQQXzWfvFVkMZdfeaC0rJdtRJe2lAyacpNw==
DKa2DyF+K9liVmJt1Gx5bKmlI0IIGledPNNL7w==
dKsb6zNWzBg5WUxMG0-loLlsnIAWeD3QK3bMAw==
dLABhFmjVbdWOfVh6eUSjs9zZ8vexMGncK05fw==
dmkPeCRx8nd3XyemwRJrua9QpPEZmR1RPh9+Kw==
dRwKwjMxMOt9s0pIZbkPpWKkLqKeOcgMJoE34g==
DsEIDHBiKhOfPD9B9l6kBt1maS1e+d9NKDPR6A==
Dsh1G-jTRRvmJzIz6MAOKBZrrEa8B7doAWkRHw==
dtsJbjnUeF6hiAtTFgxAMo+AohKsDnwf+5igpA==
Dv94CipFWh48f0PbY7LYvIuyXwdseJ49tsv1Qw==
dVq3imnTFV208TeGvB7UbwxQmIuBlz+TbaXnzQ==
dxFVcDEI694kxoA-HpqXNcRGfWxfYQ1J3gbweg==
dycxLjxz6o+o7gOL4pi1wnXrMaapONq1OFQ1SA==
DYHRTBaWrqXes2XMpjmOsHPryuoCDQ8H7XMCrg==
Dz90vGA8bYNd41hIR8SpBXrWT3vxK0JxN375nQ==
DzaN0dBgKz39mmBfRkACS+PEDYpZ+K2jgm57MQ==
dZdP9tYiw0++WDue7IjbZE3r1IoPc37XYuEGJg==
dZTFf+k1DHK6eCGDJWPB9j-1+Wg1Wp5FaoIxRQ==
e+Cngp5naNndoJmvwN-CERy7iWKdDYL+132U6A==
E-KMbIDiYFTrzJFJbGKjaGqHEVgi73s8uWJHEg==
e23YNtrBGu-vzGqp1cDQyXvSpUmFCiYLXlcr3g==
E3GZqJ89XUTZRucp3XFFnn6WVqDQAM+lGvoYjg==
e44ZkeGkI8z3sYy7nRA+t7XKA4zDRrW1zwT9IA==
E4t2RgHY0WwES5fpvB+cKkhvwnKGwOj4bF8nag==
E5ckbmplt+rA0TuJ-8T5QU7kcrh5y3vUERGfzA==
E6koyVupY7KYqte0GaespHzEYAPpV0d0CUbXyA==
e9jVJIEMZuYLpqhOl28v-syVBtunLFY5LodWlw==
EB6MmXQy-55-Ty73YqK17FyYDjmWtw9hZwMTcA==
EE0x-1Y8uMD6gxvv2pKhFCvFqepZJFNoeRGN6g==
eeWCDLyOt4RAAOn+Tr1a0PH5HQWqbLq0HP8PZA==
eFJR3oK3Ioiqpt3DT0DZl9tYD2ETRFzJrLB0Zg==
egq71f2d5gWTrJ7QnA5TX9Pt1heY8i6p11HaNw==
EGQXCsvs30Ga8C47lxBj1zjzkLxiTXXuhr88Lw==
Egvpqcc1gDy5VkWEXc8FXwTmiQE6+vinDEsOtA==
EH1dQ4Ai9AZPetT+2WqVFUpGXp9KbnSr8berZg==
ehhnaUYvXT56G8S3+c20ETEj1rn8b6Zoo54QNg==
EHpsngwGGEjSV3E-kZUSpzAKF5ASdMlsu1Iytg==
eIVxUT66VacVXQHoBiC0fWH6mKiCUCP5gh-MHA==
Ej-x7SvSsYVcAaM0Nz7lADvoxriTyzQy7OtJcw==
ej7pVeoKtT8rXNsthEboap-Oeh9sKL+PrGYY4g==
eJArSojlUKaTjQmQcZacz2bMVR5Sh0u6g29lEA==
EKvRFreH15kl8jUGiRBo+KFsOT7rwkte5botzw==
El3kHq58U8K6z5uLoUh0QvEhKy-3-NEfq2HrGA==
eL50x2Gx4gaVrNqRiptUKjrC8q5AjvMY8lpr6A==
ElBr-MJQq7h72L3YSjeiGZUZhN3yBGG4VolDDQ==
eLzDevsVaeZ0hlbcjgS+8c2siMbKKFJOGm+0MQ==
em5lkV9jPuQw9KcxaVoydum7cuBpXcv5JkeNOQ==
EMI2yov3aNAuxnF28yx89jguv1rp9e5NnGtbKQ==
EoiL9Sfb5s97e6ERmStPnRq06yY+4lihIhTlcA==
EooBBJeas6ez87jz6DigsLJ+e2NJ+iL7-Vecfw==
ErvWBhUP5UAFifJv10eVwggMe1lBnwe+7PeeuA==
ET74aQ5gcWi79LZ5H0dFT3bvb8hdFc3Ey4NBlQ==
EU2uL1Ck8E6E8Q8CeRCwhoMHQmQ9jGQWrEq88g==
Ewww0w-fcA1+B+uBKI+PHbbw66hJtEWTVhZaNQ==
eXLMwHGQ2-XgxUHfI0RL1wD0fqniegc8qna+3A==
EyuZaXLWWe3JDWG3PVmOORSWNQFVI6+8Kb+oNA==
EzpZSRP90nQlYh7MA9aiHISOCFE3109NH02Utg==
f+jGBzvApwm5m8Z1Mn9-wpIKWy0E4Wzf8LkEog==
F--wmS0IUpb0WtVRYO-QYN4ULQ7c0kuYRYE-6A==
F-oZvbHgXVOZOpo8Yjltjo8m4uQiNnBf09hIoA==
F45G6Z+QVAlzmJLn284WvRlkTbjWxcsxxz0i1w==
f4Awaf+O6HHdYPM-LOSyAwXY5jpcVk0rHyWqkQ==
f4ngmVXJ3tPcFwzvLJcXgewvAJ2B64CZa43gVA==
f4rXh+M+hvy7a3rPi9HrWXubeGRJbHBR14sT2Q==
f6ueoECnLvh42Ibwd7IoTrLNfzULJy-JDcnY5g==
F7pr6lPJw9Bjrad5N8Q5NR-DFfXGpjamW8MWrw==
f8-B7TV1mvAcg3TeiINdS4GbQBDsBowpvKidRQ==
f9n3dlcy566QVP3vRWCcqmr-jR-lw+LcLdv4PQ==
fbB-JKWVIJQ4Lr-LhXIVLqiMefAhkU22lq1X+A==
FBTLRiIIZzHl2kvxmdnwDLTPzZg8jtRrnv4EuA==
FBxEVSNWByNkWzDtW+rZPwyOJ54Kg6OFF8r6cA==
FcYFBwnZApd2Re2qAGChtT8sSyozOmpu1L2EkQ==
FDMuYi4bT78hVwABzurjOwfwu4akXN0-yPn61w==
FDTmHFtF0QgMPEnVUb7hrOlvXyyGSxpsRoDt6w==
FfaN9ATbFaazHBHD9ZCoHaNQH8wq8meUCGBM0Q==
fFKhY2mcGExKz-Y2w1YeAdzt6W-nvyXg562S6A==
FgFDnfw8u-CC+Qnf2TcimXXoD3pkbLTe9sgXnA==
Fgqet6LhfIv1cRKX23ZHwRgh49MAlbo-B14awA==
FGZKvTuiQgo3rstuApp2JNYQN1AKALpzae57Xg==
fiBpfxilZvfjYGUTxxMSqUgynrAXc1CgfS57aw==
fjgEbWtgKUxwXUd6NB7vMjkDm1mbXiEuFGMMnQ==
fKFPiPZcSsogviLXGsmFuHh5u38L3cPJG9zAvQ==
fkS+Gg6Y61iS7l9pZNpIdUdLUQSwp1UeUSrnIw==
flNM5OQ6TeD7uxl+lbk-3RD23fg1O12LpQnJ+Q==
Fmc6NcZdvv4M-gIV8DVztaPX+SYZFMb-xt8c7Q==
fMHy7gjetQ5SljUD5+m+8onKMpF67f5dpSIT2Q==
fMYQtWtv1b8R-8OcTx42gSPHABdfDngibyJZ6A==
fP-hnkD2duhVuYSUpt80JJ3chjzg3-U2x9-trw==
fpFnono-+PmrSt-xNzoiDPbrbiGVGZKfoqh5lQ==
FPxH5N2DZoUwKZVO5h0kl28ugx52xSQcV2BDIA==
FqAmWZXjRky2B01hxidAFBbdp6Mdasme-6zcIg==
FtfHb0ymoKVzX4C9pbCpDh4MzrZu9yQNRWEclw==
FtHqn0LMJj8NM2I+-zwjmXO3gKSNsR1n+Qm6KA==
FV0i5Mu535vB45uQt1E0iloauWk7IOQ-WkL2DQ==
fV4da9Ey6x-HHSflb3Ps1mkp-jSWMkDtGWZ6cA==
FVsXbAZ6ED74MNTA2QaLM+jtFFokq4ZyWm2E3g==
Fwed422C+REes1vsSduIPLHce2w-0c3E0ey3GA==
fWKrT6rqsZMgmK4iqrm0vbIxqiKTnm2rUoZzFg==
fwxrwR-4+qELEe5jOmkLyoFPuQ7kxoE0sZObhQ==
fx60S6BXDU-5BkDvgP27slIYOuydcLt3XhzIEQ==
FY-BfxeR1ZJDQy0B3xqzH3URy7DLY7sJiL6B3g==
FzY+OPUHqcI6oAckDxnoS6JmoRRN7NYW5gwA4w==
g-gA+91wQ61KGevxxV9-0PPxJGhnq3yxPlVl4g==
g-LPVG1hp7MyjrWXZT8p6WMSmV2dxMbbTmnD6w==
g0u5JGsEUCRdlGnMcYs-A9p-ZLCHHacmJfKRJQ==
G3r0wosI1YMcJOnUenf7wi0lK8wdk7tqTJPStw==
G4kqRHpCTt1Eq3nY7JgJnN2sQLRW5StoyIMcJw==
G6BbhxXxbMt-5HypfqtNQU6XpAUqGCunKH767A==
G992ImDkzj-cFyxG8W1t+etTJhFp0VHmniqTMg==
g9waY5dc34eMsbgNQrkXlrStzieqf3rcMk-98Q==
GABj67kpsN9Sz+tKxY4lAIrBg+nZrLL2Ye+SAg==
gAbu+BcK6xxCJYZtEmR721B30YTf0OrCnQhACQ==
GABwngz+mQQ4-zQipLgAvETB2AVptiSFjMEr6w==
GaKGeT0bDx65oqAaafYSDZri-kro5OgOAyLy9Q==
gApM3lDKPEEsuRgNNpmxSDSAh4x2OgbUvGLlNw==
GBkK7hjcMfmLE2CuREHQ3WUWhHyI77ZGtsFFLQ==
gbOGSCguIBybXKZETX5ETivk3ueZnjfdUyK9DQ==
gbzRaxh6LSEr7awOLcrxBEtKaIFe4UcgERpLXQ==
gdIT7KrQpfCwQ5giE-p1ZYUvzADrBl4qrecf8w==
gDoafMIk0YkhZHIas4MIEhmceewOPBHOfkli3A==
GdPzvQtOu4TlMN+F4vW87b+KBr+agoKBGStZrg==
GDxP2M-lQtvRZy3y65SFe8TIPtGb6ZJ97bkrHA==
GEawtkymRCFUokXNIpxqJv4BVNIQWO+7-R+Nyg==
gf4dKbVj2sRo5vWjk-tO3RENPC8SGNuwjtMlag==
gGNA3I84lW5Cuewv0QNxFnjFsCfF2neubJiWRg==
ghmAywpKhZzWYOQUPQa7PZifN7DSy00bXXEXqA==
gj6yr9a-aJieYoTROPMs-FWb5iiDvdeIDKuStg==
GjC0sPRHz2s8ujiFVHtha+IZf2Nm9ry8skhwIw==
GkKPrJUnhAS5cxFrWqeaW9D7YyUEkYFpUElULQ==
GMe42Cs6MEerHML8DKx5eqPtseII9LQy3uRg2w==
GmIF0t97zm939bG3lkvhkAgWCzLpFkBKuw5XxA==
gNnrlYprUwYjcWr+8bNNRrABb9IxVdC25-q9jQ==
GnnuhsNBRviAv9j1EdyFM7ftvHepDMX86j4dJw==
GnQ4lu2Uv04tzKvILsmmADy6zgpU5SnzC0nn9g==
GP5EjudqW5ZeLpsYqFEnprzw+jtzX68E2Xba2g==
GPD6RTN9t-7crdT7jmGVOcl1GsF7KNFGqfTQPg==
GPRWi2u8bH2eAzxiikrNRZf5fDFLA5P+OWR4bQ==
GPyGwbQza2ZG57s5urbFfNcnDmDlM3olSW2k8Q==
gqEfSq3rO5yEbAlXsBUPD5XJd2wtISoKbsfWeA==
gsAL55XtLETV7j7xZPhwvSPH7LZLV9NLYSs2Uw==
GSSG3zKUZrcna2OsHsc-bUCMtv92bb6TreJJ7w==
gT1XY9LfzEvrnQw+KtmsydSyQ0ic6KkMsQdT-g==
gTU2irdn9yd4z1aZzVZS8H8l6d2EEc+3TTAOiQ==
gukQOjyab7fGNZjREejxRffgDGji+S-LIkcTlw==
gx-l9WZKubXvxGXmHP4ChZ+-rsNwB2JDSUJ6Ug==
GxcHz2sgqcKQMfoG3OXbzYL9n85YjUSyMWtrUg==
GY9H81Fy4cKri71bpZKqfxV8e7VCMvnfXdFJnw==
GyrHUrfzxoU6xEOl07bLl6xqjiSS86Bqk5ALjQ==
gyz++Uc76ud1H4FJezwIFP4t5ScNFthQbIjKRg==
gZNcj27M9Wyp9PPr6wYvvy7ynJjOmLuE0F66mg==
gZnlXD99LEF8gYLkkP+uF9fyLrtXIgZPf2Z2+g==
h2qKbmy-v+lL90ZG0bkacxOStl+BO96oQXhoWw==
h2ZSomeWvtNDgA4okAYX21+FWmjUhC-u31DQlg==
H4dJbE35KIi23nWpdMtxL2WP+PuG0uMBrm9ydw==
h61EOpUUaK5nn14C2nfbC5ZuiBs23MBH1Nt97A==
H61g8bDIcrdXwx7mAe8oZcf6t0QU2O8T3PcqxQ==
H865wM6BrteGRxwJEdTrIP2nk-QzoWrFGyYVyA==
h8Ao3WwBHx-2h5cMSYx0-ZQSK6OZCRRiI8L0-g==
H8UFVCjDJIyEU64P-F2Yss1cwWq5UWBFwQSuRQ==
H9o1JJyP2LMPlEB53SPPXc6ZbovR2Bjxpci3dA==
HbKLl1Rs+576ms+kU8GqlUMVO4I2XeCLBnvDvg==
HBo0Y8r4Ail6jLd5-EsW4l+z9R+tnGfrjP8oeQ==
hdmkdE8sRhOrfb7QqJaghb7B1sI6DrkRKsjyQQ==
he889zCDJ9WdSOyQDVpEyguuYL9jKje8KnI2WA==
HEGMp4saSkoZHYdt5mKzyNdEvMsFFa2v+BFkpg==
HFK5sC15HfVwBhFG8E5e3qVUmP7YcdMNlRnBeg==
HGKVRidamSbi76HUpZ2PlHUQMK--ig82x9+7iw==
HiRvT5bNVMhwHh1FkpI6clHSU2L8k0g2+4Eq7w==
hjNcv-RshzFLIUp5bXEn2yJHJPtv3ueVOE+IEg==
HJPdQTyVh7w+QUe+fhGa46oWdJT2dksgw6WFSQ==
hLayFT3Xxep3SAct59eva8-dFpsEDTxzEo-LHg==
HlmzyRSGJqBQDzkMlnz3sGVYX1vLD-GCLNM7KQ==
HMNaaEjnS5bkfMQ3CvRQaSPHN3Iu4jr0OKN2hQ==
Hnprg+e7Z2CQ5J3bdXoc2Tm0wXHOThPrA2E5Kg==
HO4Q8uFHsMXrhTHlVkameGrP2vJVfeGcbkhJWQ==
hoLcmPSywmeSprctahDrESRYoPV49b7JBqR7rA==
HP4l1dI1qGzLiCnM-ONdnBmAklRLhJ4+5fzrjg==
hqZM2e3wucg3r7WKfjjZLt4jZDJNLgxGlEhq6A==
HSh9t4JOnkdFhfYL7hJHHfqVm8LBz11XTbWZ0w==
hstvob67qf75lJ4nB6Jnh6Pm4OSdSF75VJd-QA==
HUZ9hgfuTagY+-ahYR+HkKiYo2ubAQYl3Ewa5Q==
HvLQ6N3Wf16tkIb-RJo1XTatMJd3gOMkz2br0Q==
HwfbitCjzpp+jKGnoBLZ11w5Kf7B7pxbbrZMXA==
HXZLfebYBM7WtNibJzKl7F-9uB0tWMMcZA3q3A==
hYWKGF4fpDKwi7Mg78maAfJoeU8a5yig1cnwRQ==
I391yt7-DayvCUgSJVkrz2iJ0YGqxACnshg6zw==
I4PBGjIs51CjjbwLc83lw8EnBLWTdTFxSYf7nQ==
I5CqsythgxCjIM3IScCOVqfm+XQjaP6yIoFfbg==
i7G41sa6c3WllIKtt-m43KzPQjEGSWGLmrdbaw==
I8cZbmZRIu-72Zlx9hgEQP1vI+kpGZ4VQDR5mg==
iAM2R1XQwSDNDzV9ReRNAjnmVk-cFmta0uHH3g==
IbI4vZ422bKjVWZhxiqnhRmQA2yrgzajo797dA==
iC1fI4+gbAyRKHkH7JXut0dzB3-PLyL4ADqFOg==
idyi7r1LlVzkUSXOG3x7awhFFRjZTPB5DrbBkA==
iEFJDrl4Zce-7CzXJ9TMZwZ0g9EaRC3oDLvcxA==
IF1F3ohvcoZ22vtDm9fCArrXPaHNTDwOR4yctA==
If6GFLw5XUEzd4KwmDyJZaDSDcgNmXWKm3NGQQ==
IGLZ9hOrumqwd+Fb2sQUWiraNtiz1CiQa0Q+sQ==
IGnlZoCgaI5WJoym7JFuBjj9icCPkfl+be7ahA==
Ii5AA20pvXWihGJzjNdKSSufTwFvLr9J85KyMw==
IJPksAergf69y17w1eocbBy2y+c3q-ZK5Wpgsg==
iKU+qjgyAI6fAkT18FX4G2qw2qkrmNWLUf40vg==
ilrTeKLP4XHMg0hvmk8UNER3rKZvKQEmKBf6ww==
IM55AfVpEfmsYG-Q0iYudWf41-6BY5Mm9Q0zfQ==
imSSBQbKNOv21oY1woZOEyho9dYz0elOf-mLew==
iN3wMwbRYWhdxVVXVht9kRHQZh0htRY46xxnKQ==
IOjpanuBzKdOcYa7kl0QPXBoU39WOudXoEfA5w==
iolX5+zHxZ44qx06svdqv6c+GRNTzTd-185udQ==
iOsN7V+QhOd9MDCFFHTZzyQ3m7Z-VIEzSqEVGw==
ipqxdtQxVgxpWwnfUZgPlJSVDQHE4r9+4CMtoA==
ipzf-nWW3O6IHFgW5sCjA27dFKL1f+PZyLrWIg==
Iq7CKw2yVSTfzd8v9kvFo88dWYTrmTtGMsUmqQ==
iqJBJ5ji639sEA96SGeqGHWFED-L204vrQOpeg==
iQvahsN13BuD0MjXiEeBA7glFkffT8arvbU7rg==
IqXn2EA5Lc+Hdk3kWmEic5dtWDltVOll36NX6A==
IQXw8IU10tROhot0AXwRzlDqbfuZMXIzAJESLw==
IR-Smp14K-9LHVtfQL7XQ+OtbcUKJhhIFDg+vQ==
Irb6SogePBbGXYzAJ0IiXp05oScZBTrFCYAc4w==
Is-qyVY3GZsIPl7dYp97b0OVIdA-Xe4eHLf9fw==
iTCxJ0NQxLQajl4BznDqIhrvgPZU2w7M-QjvwA==
IUcE37iRdO0hF1G4RZDsUqJRlaq6IJl4QiWNaw==
iv+PsRDfrHEjnhZjGAuUkwXS7A6TPt5vydQQTQ==
iVDnITGpaPxazpl5SnVh-Yykfc9hPjG1nsYzfQ==
iWg5MMTvEBcysc98zwbt51jdctOKP4W3fsWDEw==
IWKzQn5jSp4pX4eDyXiUnqlOpnWIZs3HlkNhbA==
iWT0HG75oI1kUf27ol6CrKptGVVWr8bdyTiOzQ==
Ix8KovxwbDK7xTOD236iYNJP+y8yll7K0w8Nmw==
ix8p4O5LDW+h2yuCJZcuuBAruSduCo699Yj-mw==
iXMA5TbmThz6wnudYTOBw5G7--7bwQCACxT3kA==
ixY3ZBSB-Qk9ML-HY1aeF08oBIy5Nqgjt9yTuA==
IykE83HGNFU2MSRs99G6l29LFHTRxZlqs88OVg==
IyrQm0-UaeCqfqiswrxboi9wff94GRtbwQDw5Q==
izBAcQDPmIfKh8rMeBQr-FJeMZLezJeKPwx8cw==
IZoN3bLBe4+faBcpQPUcruclWsa1Ag+k4jh3dA==
j-k993wefPHCkd3IbLvH9ZWO1YDGNocXxDm2Dg==
j3yEuAJHjlbnW9h9TFOoao1eJa164BeKqRy4VA==
J4sIXiFzi6XaP+Bk2ZfGBABDM+WyEglz8qa9AA==
j5SwaI1jywecmiCaoPn+aEK45mEN27dkqJDnYw==
j5wFAlV8WepKPy6zaG8nXaqHOwsJZhS53xKlWw==
J8pAfpcUwLZXYHgk9NWD9hL1GpuglwABnilaaA==
J97Lcxye9S9k9uJEn9FQkZDiYm-5SCoBaZ3w9A==
jaDEbycxHO+MtnMK7rmDpo-+UMH1fXnpZql-aQ==
Jbezk3HFdhsUAl1-eUb8iawlnGDq2SI4+fu7yg==
jbK2liMUh5lb3DpdXGEsaqovWlr-ONRWia25yA==
JC0uUDeAquj9nIfjw2BXZ7jNBTifsdlXhDkVfg==
JcHDkqHCTMTMovKMEiq2vxjBKYI+k08a1VRDcg==
jdA1kbRrr5ieF+icR0L4RW5ct1WoWTaiSPhjZg==
jEx++Vqfo19QVzQRrMO1DkhqgJwZ4jeNLo3FpA==
JfA9-EMFCnDhEXHv98LUXzMNwqh6dL5OB+dQGg==
JGOa19wd9C5eJMjdeShLmFW5kJ2pprsd0+h3Jw==
JgVaRsw2AL8SNrr385k0DyNdMX6gI2pZUEM-bA==
ji5eO+tao-WySnwnGkvMAw1sz5jxlxC-ad3qbQ==
jkfRQG4XWvviaqgOWiEwndbHRYjusvM8P-z5Wg==
jkRB2x7E2JY+x8zts2ggA8FpBk1SpzGqbRH88Q==
JkZuXz1C+qGWhqpLMXkPSxi+uVRzpKfCpXA4RQ==
jlEgVTf7LCvEVNpW2M6yiJ7OWuhKsEXmUKh4jQ==
jlzZzNdnhuxWKMj8wIVjBRfgkFB8ELebrM3bRg==
JMGqhdZ0rLV-EEFDlnDFQKCYA4wX48ZKlQoSrw==
jMxNwvE4+kWQxaNKwrv8iui-5WWf7ZujzQugxw==
Joi3AUvNKPIDfYJF3gQYZbfXWX0+ZmS1uf79jw==
jOPchZ0c9InP-7n-sDiEnXfMglmlEP5AueAFKA==
jp2BdJ0NKVmFvPLCMCxHgKnLErkrNFuDopsW0w==
jpVeBNf2JuphNYok9PPXsYnwiesn6O7kAvp2rA==
jPvtKXXr9apfJpME0oSm84wbTRGFI5VJO6yWUA==
jqO7RYEaoAtUUiKK7j3HkQNYrWfTrjqDV7TtBQ==
jqUGst3VnumOyQKnUyqHSN2IojUQ2ehKB+YZZg==
JQWUtJPNOzRg0gI-EeQm7u2d+yPZOMIzNnijnQ==
Jr2rhIdXuMTJXZ+UWkd45i+UmnwCdlP1IHX3qQ==
jrpNbwLMRCjY2rZEFXU4-L3zJFyGqVHWWRRrTg==
jsppoa+rRGYM4KXW3MmrrCY8YKprCp4sCf71dA==
Jt366dmjzd9ZuO2xenq1JDxiWhQeRGO9ChLhIA==
JtADd1NtytjZxvH6Gzj+1RgBuxwL18D4vNIvZg==
jueXzx-RvyjbKnwT2cqdskPqUdDNdwf+X9tpqg==
jV-OK4VXTf0v4ijNyQI58yRpRJB74nCh4Mt36w==
jvjz4hNHb6fwjmbPKEROrvBfaUlwU+ywI6Cn0Q==
JwaKQpTyXjY8+YUrU18CfzMNhojsa-x+grWkFg==
jwdcuP+EdBQK-HI1u5zJ07n28gihP0P2FLYooA==
JWpdkdZz15N9Sg6bffbNkb8BhY+9E0AObjrVoQ==
jWXHMrQEhdRElr01EaqEr9JuCq0rMOPSEEErnA==
JZmTovffLnJWtdCk0PnTq4rAfcwA1pkRil3i9Q==
jzU0IRZ6lnEym2gf-aLqmNtqdvykoAKFEhl5+Q==
K+3iAA+krzeg2uOY0pbsCxFCSu9QieRRYZ0dXA==
K0epikiEIItnh-IPGAxIWhJk5poWkbvS-9Lc+g==
k0UvzFlWZYu+Euj+lrDvbA9Vwcg2jzymNbFAIw==
k4-Z1V6kf4xMM3ZI55R5zl-cqmtyaaNKliVeUQ==
kAHvsqKtGkVfXy5hKk-lvYYEM8z2-5p2ngzRKg==
kB6s0-xHJnAgsm8KfSnT3qUqKMXGfkvBuv3HCQ==
kbES7rU-nJGCgjxkpdSDtojaRHPygHvAmuHHmg==
KbFBB-mSVTSbTRVrXWf1whOHYz5H7YYDGx0M9g==
KBYBce0+G7GVHd0ZYvrE6R6INlvnbU55+y5r-g==
kDCNgLaz44NJ8mCmAzkNtOxm1t9xLpCLr3sUig==
kDOEF9SEBNd5uP1ijjmb7qZpV4LXWSFC4sjaew==
KDqeOO1-ghxMJg-maVvjzCZURvdnUqaVvNBizA==
KdTd+cDTvyL-g5f4nVvyVdhOP4NcNZT+IfSDrg==
ke1n2GqSSZd7jYpzScqTNU0L6-hqKL0xyv2BWA==
KeLQkGtUeMXkEc91CjhZpOdO490KX+dz5QbRvw==
KEmNW2MnwGSM+SR6d4n2hkCi29n+0H4MJMeygQ==
kfSL+Cx7ohDkcN1DHsAxQ344MrgaqvFYfIbS0g==
KFwERsdoKVUEHe38QdijQxTcg10ceZKmeGWkDw==
kGH223AgCjlbKVev79-yMfz7g-w7D8FMBQTG6Q==
KhQ7dfEIVf0MwyLeivGdEMopkRphu9h+kJUqXw==
KiGKUsTdDTObxqW5M1KkaZeU8sGNThJMRLr2UQ==
kJdE9j6YYKYavS56+FVac4FyBZIvlIv1wJ2W9A==
kkK3He0rR1I+JLHqwjDxsK1W9TNDgBj++FBXaA==
kkscAJHSCfmybAok+AM3NxH4imbihhZCnZ4TUQ==
KNAcIS+0oquK67FYpqN+6ess17kNX4-SXP3X4Q==
knDUH8g65013FaN9fTQiW0q9Sc7ex-v-iyRUsg==
kOAyAgokzy3c8-2CMYS7kPNBWUucKafhpN6QOg==
koDcFd-bBvwN71ikO195gJP4bGEMdhA8mEzfxg==
kQ6oNsF-GBxijzu3XgOiLEwWmF5oicLGNRS3Rw==
ks1r5wPZ6WzRn-ihn0NAScH6g3no6zj2nY6hEg==
KsHw86Hno8UYe5FcNpd-iclBBTzailT3v8bvPQ==
kua72zvJrG5A1ykX48TCzttSo5UC0OPc4vxhFQ==
KVtaa-QZFeEOI6L14m1VmqdAupmooojVazHp3A==
kVzOD26R9YOusb6RCIPhGvDTq2z6-kuovojIqA==
Kwt9ps0hhmPNTbgB3B0Ul1R5xybQ4hNgclvWkw==
Kywi6nRLIDjSOiYtRime-wiM9-XwUCQu48kBBw==
l0v13jhBpfnZPOQ9LGZgt0EUR17WnazrocLhNg==
l2iQcz-tEOIQU1Ki1qOCFVtQYyHcBX+W6KYxzQ==
L3-ZO3mhir5trG+D7pfU4uVmlW6XE1NhAJMohg==
L4ZSnoG+vCHaDIFrTQErkyyIQ7t0LrVLkG0VlQ==
L5gOLPPfbRYb8eFU6Xu2-cLWtCUYzg6yRTOv4w==
l5RX5ufiP+yNRGvNNa2iHmn7DXvPUhAlqqmJFQ==
L7Ho6Ih93F7TuRS6pVqEXnwLPMov4zS6u9iClQ==
l7wW84Azjrg18egJRMGOZLbXpvpXUHGekPY4mA==
l9AtjN1v6DqSi1eWgeKjY3UVWIg5XKA0nikb4Q==
L9GEY8By3RrE4lXmuuTtBcAIHPjHCsBg1T745Q==
L9xA1SvrLF1PoupWH0OnXWWggA4+Wn6QwdrtHQ==
LBH9dA1Dc9a0WGqqunDbjCYw7yjgi2Y6SWt66A==
LcOTgDMS5aWVzA7GP6ZJVLSiTmc5MkUCr6TIlg==
lDbKcNQY69VFtSbCUMsTx9B7z4PFtfvL0OIidg==
ldu-+BvKVSQOR5HDVPpJ7FK31UDxF8Qe1alv9g==
leM7mr0dGCyt7aFG-m68JOiTBDd-VvLyULEuNQ==
LfBrAfh7+tP9B85wwO24Iv9nb-l1FPWHArEQKA==
lFjbafgeNXo2SoAuohFbpzvbdb5HwAkrHSLzAQ==
lgqRuxtvOCXqGse7MtUrd32xZuLtujunoL7VvQ==
lHANcJjpeUXygYcQXkY5EySaJSGBL-FwYZnG3w==
LhewoB5v7ONqq06kT-N6SMWNxEk7Jg1PBCeHiA==
LHKJBVvdmzy-JmJeGYy7aau7F0CXls0Q-62+Lw==
li6dhyxs2WJc7Wl8lg8DhoHtjqIJHc4b8kFNng==
LJOks3FHVD+yzF9cyQplVe8Vh2kWAuLcWYIgGA==
lJzqXvIpMXr3kvM7cXjHoR02sk+zbRiJ21Sm2g==
lk0f3Aq3pW4zR8YVNAHii1vwyLTYQcQKEP3ZDQ==
LKGcMN48VLgtApbepIqa2YVD-PR3NCF8oQPsfQ==
lKXH9BQyPhuUAZMf2pda4umEoKEoCAEe6HxNLg==
Lla-qISTIGJmEgAmT1I+-EPJf+sH7nC+V4khFg==
lLRqgWu7N6q4sYKjvWOCzilXWcumC0IQHmmrXg==
Lm0-+XzNwojxxczBm7-GWztnRnevFJdldfVy-A==
LmZNAQmdoYYOoRMDdARNGvvTzui0ne+7XYbsWA==
LngLpd1NlWSviB5zsCXR1ZQAsR+wZwy8tMmOOQ==
lNJf1scKKv11+tJpJYjQcAhSdNbLuaDQWEFUIg==
lognhoIAof1FJP+9jh9XELXLPxOYvyBWinnjDw==
lOWcp4DfzPAij3XZIy+9isNoa9jD86wIOGPZoQ==
LQ3n-az9BULoPNtfr0BlXAs+WvDTrCHbpuF+BQ==
lr87kft508ikJ3mXTUceHCt1OaWUZqoxEdrBuw==
Lro2jOCOyTbjDJfYK9Syt6+RJlFaOPY658jAUg==
lU+0PXhDoQJ+jhoGCtnzZ+o+F1gNvIciSodDYQ==
LU38mKTnOF1Tq+12zLx7LQ5+SOqyZHqCETLgUA==
Lu8XDDRn7-NxwoCWpE5i5K8QGjA2NhOFMbu2Fw==
lvV94MAjGGAYn5EJJK0zmBru2fcS+GM5S6V8PA==
lWdwa9PrJ4ivRmYxq8b1GnKpa-+hiJK6ZB71oA==
lxUga6N6Bmiq6EmVGaqE3MhuS9pgji9nb5t3ew==
LXyYMXx8E3UUIA3P8LCqzepUA44tnOlfGRqahA==
LYdu+tCI2bqdD3Kbcz8w2+l1xG4p+3GH+klWNg==
lYXOtElUXKHhhwo4g3sImAH6VFm3lAphgPs0wA==
m+4AoD4vTQOpP-zDRNLcyZUQ4pq9+e1FJr8uVw==
M0qltS0C93cEm60briWRGEvKfK6fj4H+1u+umg==
M1oBQZwlo1ODBISYNTJjUXrOf0BgXekR-s9FuA==
M4Ik+P1P8qPlSrmAJTOJgfMhC6HPi1gQJ44TIA==
m7sUs+7nZ5BuEOC0PW7cjNbdOVe9iLlxBlBo0g==
M98WaBTdLyDKwEEy-NF4KOiC0PhKFHwOGQLs1A==
MAlOVrJLV1jETjVqq5ZN-MPP52qoGCHAEKauXg==
MavL308DpuKxopZkr5s+f2W8qPd2pfMcjJrQ1w==
mBrblYaphI3R741fGb8iVJzzpcmK6zkC6H9lzQ==
McNA922oquvI1DpupCPleTKXc9ycJwDZKwyMMQ==
mElT3aEmWw+6qIrQMRbOPfg5MEN-csTh-X29MA==
mf7c7mgFlO8VRrVhhS-PfE1AdcoaQlxNqYPQgg==
MfMcdcL7W3ulpKGiPt7WXzb095OKQZaO2sOZlA==
MIn95nUKHiA-uvBvUMvFDcBtwMkX2qpx5kWADw==
mjH7Y4vhODhkot2QuphxOeMEemqRTicbrPSOlg==
MkX0mPk-V2dixYk-dBw37yEEU6Q9KOWvPlgrCw==
mM9w6RNdot0WSPu8ol7K6Tl+wEqjqP43SDFCXQ==
Mm9xyqRnscKLNTZXUcKriqnatEssFuJlOgK-AA==
MMuTPOeEXdj1KfRv5jVP69iYWykYEMw3y5oWNw==
mndtCFEQ-tGUUbRaiCCXS6aaCN+g53Zr3kbJkA==
modQ4XZfgNQUQh97CEybYj0xh7XtpxoX-ZKQ8w==
mOGni9yjOWCkWYhIuKSMQ70PPavsul15AmGk9Q==
moKG57YYJ4BJ9J2ZYN09u7b6QL0HBqZclOjlyw==
mon64cFfIkW1ZuxX3iWOWm-6MBAsj0OJKO6yNQ==
moOulFgjKOjfpOaY5KdGAy+JftWz62dW6cxHvA==
MozE1ffM+0ZqagXJAhk0EOr0MYeNMTvPkRw6Pg==
MpZ0Dr5qVRooRliwz+2cMWlRGL68F7uoiSBERw==
mqMCCbY-2KpkdWH77zXT68hG4u5zUzMGJndAAw==
MquVNHixZCAqfgnFQlZS+aAeoI43qvxVuxaM+g==
MRl9K3vTpcjAX9utkzH++Y0M42EdQFYUlTg8oQ==
MrykZLA6wLGj2O-tvdw+uQN1Hp9-5+egF-QYvg==
MUrpYq4u36zqoG6lqQFmNGBdAqbPtMvIxxvRcQ==
Mv9LpA53DeQ0QDD5F4DlmdfdtbOz2p-mGaX5cA==
mYGssjMmPFWX826LHDo97KydH1lgEK5IoJd6Uw==
mZEVyYm6TeriEQbzyP5IhrrPda809iy8PtNSxw==
MZUs6MHVG3TqUONPjdwOTDWoVYyAdflDwD9KqA==
n+MpLN125Ng3IQ5rgJmR-TRJFcwnNJRgdPFxPQ==
N0An7hRh5FbHkgzlEeQlA6exseorILi5-Dsp3Q==
N0vVcXJnOJq4Sy4UgKFYZJmIri7XVtDq0NRtYw==
n1pNxlcaSRCDqad0OneXI-NBIE9O7Qxy7x2nKg==
N27oDlBf2UhJl-ZqfCckMH1D5YnBWxAMVfQhNA==
n7ulViKYxSte9iOiAcKzjJrmehpsNW90ey5v-w==
Nalrw1+g629DODDt+1MPNEfxTRonmt58+TFBYg==
NC4rK0YEa9zBvhM5ezvkkSIGCXRBA7zSeLfPsg==
nc5jVd0ExIJkAGk3OkzCNx7jHhk5S4bBiecASA==
NcHr9A6ZIGvSN1+1EUSiq9ludBKrxm0wZ0eMVA==
nClcURBZw0A-1YQudu3T70xJaLQWbs11iE0vMQ==
nG7TpCPie8dgXJ5VYB2i+PZGwaTrTwWL3CpU3Q==
NgPQzm5F8b754sQ+svrTpZFVHljoSwhvokH11A==
NGUTwHAChA1ANujNMyW9v-M+Q7gauSvTF33PJQ==
nH0j50x+M89ZF3-evE5PRGWwFSWJ5OdXWaAQHA==
NhhfkUe493saqxdj170EU8D6W6NMBLX6RmTr1Q==
nibTHxtwoQdNZHadCoc9RgBxXtZY4eTaQzXqig==
Nj7uDx+gxEpR4lvUbOVE2WFacponriqYlbZ1NA==
nMA-RTdVDzaNgNFEVs6quYPyTk5RrnGwfY2wsg==
nO0oDgnEtE2O+CBQPY6sW+qd0-a-auFRnYdTRQ==
noxLrpJBbZ72ErP8ehklhzttwOY8y8ymJNaCvg==
npLbN6VC84zZgYsnBVZeI3hzU6BvSO5JdDEPSw==
nptlM8Vr-RqoGIiYln3X5q+f2vpKk7N57eA69w==
nQzcOZLrQiy2ziVOV9WiVEK5cRzH6xdDtnc1Vg==
NrJXdg9IVTqBdONP0gVfcesxkFr-WrBEunnpPw==
nSfr0sZWCXDk9SJJmDQwfjcFUa9wTeafph9s0w==
nTNs2uJZwXri1UtBdM4AqMXXRzhmxqQnJ+mvjA==
nTR95N2yn9YDKyUtxoPVJJTawypDaOomkxPF9Q==
NUhyDecBmeNyyKxdQLdRhklt7qujpZXykKR55Q==
nujRlBPX2VxLBjAvAkkfeJl-+08HNaGq5pbQlA==
NV1P3zdtXSYxRj+mrHd-B8sj-1vGI9KHhqAxTw==
NW6OJ0bVZ+arQBoB83tlKegQqGsGdYWHMkLfwQ==
nWrwK1QQYSvY3+9YbnYbV+FwfJypjgPSdZZYag==
NX3mz0QE6SVGOIT6dmHArr9-m2P8hFduwXthFw==
NxabdjEt-g+eBMXlGjeO0UeN+Nn0nC7oVVz64A==
nXCEkY4Yj+Qh4AffTIOpIsD3wvprEuabOCX6TA==
NXVgB5QH6jrW8pzF+Ladx1yG1pXxc+r5yKdTLQ==
nyivBjVVZBI60qHC2sWoAupi5cVBca6tImdI0A==
Nz0dJMZE98jhDW2zDpFVX4h7b2Qozffgk7duHA==
Nz5FdU9yELHMYuoxp9JpawLLQH9sLHtgRN00FA==
nzeHZgz9DC7UaOJfu1Fb7eXyD3PDOr3Da8NyWw==
NZYP+JExCBwMCMOKGI9HNXOy0X9vRmlFq93txw==
o17Jgbu9LYzCXmwzezo1Jqddo0NofuJymS1jEQ==
O3YMnC7UYDek8zdkdmvLniQ5-WixMTVUO4k1KQ==
O4bff8Mo9s2Js3mkBS4tvKnO3iaejB3LP-zBzg==
O7Qhyiq1OUhXDrXzbalSXr4rALSJjpYpoP30Ig==
o7Ro-oJHusITWjdjasnKi1mdS4qsN8fSFKNUxQ==
o8qb4B3YpYWC70nuvtJ-27t4V400wxsjVeve4w==
OA40Zhm19YI9Cnx9KtkSx+pI-3taix+q3m-y1A==
oAFi31+DjqRNQyrZLbXlt0X1hs-224-Ue5ATnQ==
odQKzsKT2W3mdz3JrWpPi1t7plKe6Z4W1A05zw==
Oe6k+wMdsoGbfJ9AOWc9KQx8aK-PMj3tnnltIQ==
OevHO34CUW-ZuHE-AtnShZuZBWWC5K0xj21Dxg==
OEYAV4t-pMJwy8Hb52Ie0TxZKyjfOjpQdzo5JQ==
ogiDgNd5zCJLmMi8xfG8oHsqKw4veHKJovGung==
oHzrcFEibA2Zh9LaEATmGFecskENgv4ED065bg==
oIFFDfFRAJR-sYv9W4N66GdG6JKIWKKasquMWA==
oims7q5HOQDFm+sN3W0RrlvOIH0Q4PxrRkW-nw==
OIPQdx4E+5aFsHtPg3i4d2Wy2RzQsuGvcEpEHg==
oj63fZZCPIH7jwoe2Snn4SyweeWWcqcq6Y-Ihg==
OlH+JWG0KULDRHCD3pXkhcRIUOfO-REUozNWrw==
OLhBAWhFx4-oJww9IRGC6W9vRp6yjcP9-wh0gA==
omk4qC+8zLLAa-AIxxErioiTWJ9jHng-b+0ECQ==
onmsDsdmdReIa-l6YJY411T+AQTNMlGRfIu4lA==
oOFjR9Bb5OxxM-dnLd+6vZaRh9GOjh1TrBWfsQ==
oP3NgmIKFtWwxFQPLtfv+Pw5SvTwdY8qHZcA7g==
oPj3ieJZZ+KGI5hhWVU+PApMzYsqDtcxEg+n0A==
OPOA2glmvf+qRw43DHu80aaHP1wA0E5tzM+ZmA==
oqisWPPNTulg9bUTXTB9gQj2iEUFhSO1IyI2sg==
ORwOcUadJe+hd3UTZ4iJn2jXbX4rmolGOx0RHw==
orWuE1GQ+5qfC-5hfgWIQx-8-5VHkwGMPbtHHA==
orXSIeON8OtaMpBKEkr7HFk2KV-b-i2NtBaJTA==
Os2F+Iic5B41MFz3oOelaQslfzuJmeNwPTt4Og==
oSm1aQCxNZQZpja6vtCbFLe8Z7UhqtET8AvV5w==
oTVhh6acCPGi0zaSZanvhsQscA01AyBTxD5K-Q==
OU8d-h5n+RXP3rL9hFTCBpQkZM7cZZCEVYK-zw==
OvGyR0OCNMglsn3D0sfozY7a1-orHeiunrt7Ow==
OVIkMxlIY9yvdNX9YbiIyV+59cL+3+N+pK0LYg==
OW52gL+aGn5UDI5L4GxPYcd-SNBJPSjfCG8dvA==
oWLKCG4YCC4MATFh0f28uJqwdnd5priSmug5HA==
oWO0Ow5-grZbUUJDt05ApoKa2mJjWHgLr0sdqg==
oWSuZMZTqyGHWyOOVLCNF61gsJSgRATn7MKwHQ==
oWxgn3K5g60-4RwvKBQpGckH8nltsi1kiRZbgQ==
OyOGMQ6t6hhSbj4Z7u5BAiRVeRtkP7iway6zdg==
OzkqqDTdiEw5lMKrfGyP8NWqRZWiyAPe4fXsEg==
P1Vt1zMq9v-RIztpFcuPgOm-9+xqe-ZK76DmNg==
P26KmXD7rswZ0XWaUntPxPUeMtibuo+3GJLuAA==
P4sJJxxsKgtUgJNKp+irDL42Mu9jr2T9XjKeHg==
p8qjvvTwua2fMr2QZeNbqS2Dl1dku4a6AFA8fQ==
p8sYCWSQRYSIbRWObHRvVt7jr69KVfplXsAeWQ==
P9b1XP9AahChQtYbCsQ6ZIFIYEsqqT6F-CR4bQ==
pawhlK57+VZrivoO-9H+2GIFzvRKlpJZZH-n-w==
pD95yxa4mXgq5glmV9HujTjG4axdGh-+YQcJnA==
pDAPMnDs-BZ63v5NMuc6S305ov6NZ-fX3e3-oQ==
pentV0vbbS-cR4SG6mst1U+On-nwkzy-czhKIg==
pHXvfn4+f63GIy-Mb02ys5R6jGEqTUL0em1MrA==
PIIRn-QMUR1lZolwIf6nJqwFy+q2sK6CTMoBBg==
PijwsrMvtvmOIbzL2jJK0SH-oMI1hWj+71fhrw==
PjbPwyJQSYqLBU5YKy4HsQfYW3U8gy-mdp7GRQ==
PjD0PF9eMQakJ-23J1fQrHpH65kWtxt2zwh4aA==
pJhNLyb59A0IOeXWcU4gpWhWtaneMROEw8LqiA==
pjkhzFEBfmaJR1Za2pO38tSVuuAJkOaBR4OTgw==
PKBn+pVIKVrlvChPV4Z+HiQi9fRPrGPeGgJlNQ==
PKHORs+EP6ny8IyT+2NKk0mzjmsNfHyW0nY2sg==
pLvT04OOCf1k66raMeTXqt8voQ+rV8Gq0OkAxw==
pmBC9rR4FQNONeVz8uEKddGKrof5eBxBtuybSA==
PmebaZbBzMA8PsIREu2htXu+yerHgBw8m4VJyQ==
PmKunukg531s1xBeA1lSjJ8x98IDCFmUqibhVw==
PnzhwgdQafWtWhvoDx6Q+j8BH6clavDb3t3B7w==
POoJ4oDbJvaPFD+7UJvDN+RIgTGZj+LPWW1-sA==
prpaK3Vw+NilQ+goL5vxFPwaHrj0wc6f5XE+JA==
pryOvskTJ930IWkNgq09NUe7mP30YmXH99-pkQ==
pRyTLLP7+xUTxcpG5-7OEr6THjDtYWJIj1VQJQ==
prYyKO87TD+7h9+wXsVUkmiFWyLBSPbrCAiHCA==
pSZO4hRDUwerYBG15pV+QSqnxWi7hLguAz4Dxw==
pTqBBP1+BBCen-rEL0YRTdEks9mPLDiWu7UOhQ==
pTqx2Mg9RFZic5Z3RML3oL0ONnB-HsgwsfqXmA==
PVCuemZTVkerlYjmesEE4xvElZpij2HNEjAwgQ==
pXf3kN4tTVt0OvYZBpahO1ZzosjzB0bh3XNWog==
pZK942dXOGa3hjJKYbfUMzMA8SDRuVxwDCBlyQ==
PZLcFKceHTyfFoSbc+RxDMdBNS7hnqAI03B77w==
Q+3cKIpwX4Tzhglq8gIwjoJcLJe0CdBCr2CrZw==
q+TGckOMTwNZGU5QJiSwDzdj2YCHs++S+t1+Ww==
q0C5zz03jHWlyBzkcI-pROnKgERb5MW9jG4p+g==
q0lxjYEyxqjSzBIxSeHUhK8sXSyILUhLFJW1Jg==
q0v9A5Pa-ksAgBIw2ptKXk9hpuM9nKgR-N-aKg==
Q5em+J6EepmzBBo-lloaY3NNXQ7gd6a2tlra-g==
Q6eJAvIcfdlnHiQdGutGyFimDpux59xmqd0l9w==
Q6V0J-N10R-hQoj0y8tdCQkB3V5ySa7YE8xdvA==
q8E9wgn0hNvDpEWYN1cIxuVZCcIJgDV2jPtpAw==
qBf6AVzRf4H4WMLd53NbA8ucrLf18wQ+Q32epA==
qbIdQx3HbNpQWcVYKGqGob-21+zO24XrOuxWsA==
qBLz8dSMifZ+NEIi0jVrCeXCti2oq+bETijq1Q==
qcGfrlCDrpRFppK2O-1y+yxpS5-YQFX8KoNjSA==
qCjmrSw8oZ4+og+qWspkTLKAQel0nSocBiURpg==
qcvhZr8iyxATZJLHa2DIm86UD8AnkcYhOVQz2Q==
QDyQXxmLUR6zc+ZVPkLFIQ6FcPeT5J1Pm4IxdA==
Qes2ZzgAVpXofFyUD9hvY6E13nlZKX08Plk9Cg==
qeWkuO5jEjRge8lO7AE1FI-j0+crwXCSlIG09w==
qfKFvgfblZKnfi2j-3SqCpflNySRIUXr-F6i+g==
QgAvsEFaKyCuOaOFTV4+wZeTNkKYkFegcY5TpA==
qgBkDGjtXZ2Mggj6N8+D6xg2640e-80BBzMxZw==
QgI3Feg95sKfVlgxQIqXgtTEIGD6CtIK3nZHzg==
qhlplk8Q+OZzfzinK9BXDeb9r9uHQZxHSLuCTQ==
QHxNvMfuYed1KSZtSlGnB2x-HoPHCCyiLABu8g==
qjFJ9Mb9MkhU4ueB6b-fUoCW2RY6uelvlIgAwA==
qLLJuOREVOjIoClYC3myWx9TeVQPyBcYv8PYYw==
qM0BNFvLy5pWSx-PT0HQzR9MugB9887xoD+ZOw==
qm8L5CxeCAz0v63vDAcR9QTFryajlTLawRIKPA==
QmF-cJT4L8si8g6Dg138uxM1acFqZRzHSm1XjQ==
qnGqwHVBxSZ1rCnh0tVR4m2NUEyghLLXo1yhgg==
Qo-cZoXwd+3xXaM242UlHEcVpA7lMTnvnTaHiQ==
qo7kPJPiQicB+9sfWHVVqu2E9uomC0FLJ0QjCQ==
qoT59qtLU3uRqdR-LfJkbN1KVQOBf5Hm+3nkUg==
qpb7y75oKFYr2DZVgNOz4ss72bFJWPYupv576Q==
QPFmBi8JU1zjfunxm1xoHsz3ibk7j97SN74wrg==
QRdobT7ryfkjSOJMA6j1OYpj89kdiUI8H27S+A==
qTNDa-FAzqdEsezmU1ZKdzgmwLXhxecgb-ZLNg==
qugwWNU1ERFtXjTB0Mk9dPSP3pXoSUg0tbE11A==
qvW9KRxKxJybILA7iG4EaIvMbZ2ZqzdItquTVA==
qwfPChMkOYzQapN5jVI4iTuDb1IwDNNkWT+7CQ==
qWm1sw6FT+EaN23l4p2YyLXBEt80ZOchNEDP4g==
qZrVL43DJS9bKLgC4U-ZQx1WMejEAnfh8p+rfQ==
r-laGH6m4xc7dN6+mrXLCyMr55Bd9dkn+OFd2A==
R3xkcF47SWqZrRE9C2pO6phH+6-GKKf0vs6iKA==
R4mGhokOUtqtO1s5u9NsOiEBTJq+aidTxpxyXA==
RAKYmQT7fIs2quepQv+fKbG0Z3Z4fX8+PolIlg==
rAvK5swHN5Lvb1amJU5pSMPczifXaedFCie0hw==
rBHa+PHsrPyc7Qwn0D4Y3mWXODzPJlbippmJsw==
RCA+Nz5fMt9HiaIq-XhD+cDL41JaqkafNQMqug==
Rd0BFxBL1mA8rvYBltNzTkPpOjb8kWmRYO7LuQ==
RD5K7W+PDXUjH7wGl0ody235hHA9nwmD3ZxHFg==
RE79eNkTq3EScRI3XdMK6nAh19LGwDzqgWbevg==
rG4B7sWhPU6a2nJyVREZ4e58w3BffYknLhuQqg==
rgujvFOG34gHJ7vwsHSTySncEsXRh3Q-oMODjQ==
rhVcrz+XZeN-yNd4dSJE2EnN+zOjxEwNIh7Aow==
RhXjDvtadAIyVnWt-sMqonROHyvYobltx9TFHQ==
RJIUbOFG+d4rt40a74LUXBCKVL6c4tLN1ldHlQ==
Rk0nwLXTWj0CZ7lHi50PlHxEXB69t53aDvuU8g==
rkRYI9xNnF89yBZeDxV3uEVwV+fpqxM+RPZmKQ==
rkWZe0CoW8wHfk8db7ZjknoHa-JYCWzYc51J8Q==
RmsIhZOCXywTdNz0aBwaRmcz0wyL5u+G7gAovw==
rNGgdI63RyiLz7dlQe7nXASnvubrb5zhx9PNZQ==
rQ8gtJrrnePQ8TKJanMFR5zGq4vJPvptkgiWzQ==
RSTw33eQxG7s1TEf0p3dY8NWLOiaMO8icU-m+Q==
RUYNZP0OiTYrI5PwLh73WoOngJUoxc0ybQgILQ==
rvjL4evtcuxRbBDcKhmSuPK3KXg466WmxMUQHA==
rvt1mTb5ykjoVnVsof9qifrZp8JYtZlVJa3o8w==
RwTA76FsF+zIJZRh+4WLIzFf8H9ug+bNs9CaCw==
RXvT3wcv3zKXL3En4w3ZD8b2dV3dJNpA+AsRHA==
rY9Ce3EjWyDBVaWKbx74oyQZJgDlmWGAz-Nesg==
RyvkheEximfjQ9w5wsZ12jrWiaTFfbm4rRc3Lw==
rzNId7TrHjyANHldjLoICRUk8aYxAt-n5u1gHQ==
S1GkkuXefgRR6yY7NGp6LUXbb7MLujxPT3o8zw==
S6fdct-wbiCrhG3RxU+QheJjJ3S5pkW1vJFU+Q==
S8A-jh8E8Dkziql8IrnZfdK776vaXxbjGy4pcg==
SaKRU8a6nP5o+4QLmvg-LcXYDHsqtuSrsGua0g==
sAzSFaxJNLcLJzcU8+uepH1zg3W6HKb3sGFc8Q==
SClQiEGdqWtAeaG0nyvfQHD5UEmDWHy98kC0Zg==
scVoiUQqOMYntuMabssepz3wPhPeKDrYlYhGHw==
SDHHF62oexrCefXaHEJ5Oe+cKZVJQi-EsV78bA==
sdIbf8WrG7bYsoFWE8N4L-RIZ0jwaJTXMlNCUw==
SDS0usxlSjGS1UbKppRQKRXgyIwwrMN52y5XVg==
SEJzJVXWoxHnxgv6nmaLzXRhMowbHvoG3R2v2A==
Sf1AA6cwCuUuiUFaf6OEla3ec4xDeu0Eo-QAeg==
SfNGavbs0ktJjtPg-QniSUGKfD3Nc0C9B-5uBw==
ShKgiCY2XCpCd1ko9LX8Q4NKEyrA1zkflNEFeg==
sHOU3ZqOr6htFw7ygY3uWjHi4whMj3fG-2rmng==
sk+daKDN8swTj4fAUVTDBNBEx5FQ3CZ2UJm2Og==
sm4yLXHpvVP14IP2HaDEDCPpBHbBxfVV8Z47Mg==
SmgodqpFINjJBavymler8fCkgoYmPSpvgMzuNw==
Smju2CsxBkL-Vs72BLaIOyuXybVMB1R5tXGAow==
SMMQlBFN0I3E9O1c5RhuGOgRK49rBxR3nb5pKg==
sMvKVaj7VM+jP3j5M0U1FwkbF2kSTwi0PepNgg==
SNgiAcdjmEXS7DJlaZWpVjqPbd-4E0ueBtCOYg==
SNhzfB3fU8nWg3tgybTpJRmFpG+Qk0cxjPge9A==
SodXsE6GIWW9b5RLXyyc9Zy2MJqk-PL5POPdcA==
SshzDwXn3GlzKBUnooBxnu2bVPIbeIQEbEJjjw==
Ssi1q3xWwro8QdHwqKp1SRIaA-Jir4xOtyx3Vg==
sttSFksqh53QI3eVuIvtyRkptyrSbOlnsaB4Dw==
suhHBPgxIu6q+wROCOdgbh15jKKoOwfqeCKzUg==
SVPUnNqeu0gbnttkICCnV5-3r70UIBeiJGc+zw==
svUuraaTYja7dpnrYmGmCt415yNy4JSWVsgLzQ==
SwKWwBRgc+50VbH1m6HS+FKhAKxiJDbaw39M4Q==
sxbMhFsRZ0TXKinVQEZjIRM-tWbXGVVIXtGC3A==
SyXSRRmMc0csY1g7arYbCud3ukV4EXrlBlu-Qw==
SZLQWfwX9vsBlGC6K73WOfMDlO6praMa5RjziA==
t1g+U3eNLIHzhJfbYIml8eTs6rNloUakCSqwdQ==
T63BcINXuA4u1kn8OZElypyR8k-k6OJp1ZVbhA==
T8928KE8bvgkjx1zSGp-ETNjw9921tz7-aSfoA==
T8DIFQ1YE0ItFEm+9XPrXe-7-ccHcSzL9HZGtg==
T9a6Uj6bCYc4pENmj29WJFWEp2sZwq7CTTS1Nw==
teTm0c1b-6orf+l85KClBE0qCxNzqIL5YZloNQ==
TFUyV2zfjfzBuRUb1XE1R4t5QhaGr67R7RTKbg==
tg8SJEjInqTGaVQZGebt9WLznwYdHgnWiHjMGw==
TguTsplakm0fY7p0w3QYLJ4Id6rRy3TYXJJRVA==
THWSDYQV5PuNkTPJ-drGJhXZ--w2nrvXFDZa1g==
ti9TXSFeiCkZtk6pKhxlCuAIADrlqzbPGBIzog==
TIAKsunBh8iathiFJZbilXLu5pYtSGpu9iY7FA==
TIffjJR0glKHkAsAUOQuyCcMQiHyJ8hWCmB5hw==
Til6wLjDuAeHY0g6zFn63pNtA97e--spfzcikQ==
titxoxx+hrDFMeNqpQsEcS4kdzzkA4Ek96WNPA==
TJkW8OO9N02mwU1H4ZNWZhWkPLl4b-ExRV6ORg==
tlv0qJUqSxWZDylu+K41kn2JU8aWKNPZXKJWZA==
TMekB205JBMO1uwLagRQmqo+lxo5SWsZZrtq1w==
Tmexw+WngYPxn3qo0pvtkPFxnsyfyNY-ItQi4g==
TMiJ6JoCiXiu5ejZqGghfd41K8o+E8ahcePIMg==
tml9Crfn0TwEPo-7ebe+NFuZdY+H2NFA7K48NA==
TmoZAvZ5iUvPzXm1sW0NYGhG81d3isTwsK3LmA==
tow18crR90toReMaaG3xAbAxw3DHDmRzLLAexg==
tPoNFRwYkzY218-jk+oi49n3dHpp5tWxbpdPbg==
TQVTqczVK4B+OYuBgSe9KwmZGHqWbedjdeciMw==
TSqR7Zky+CL5fxcgcRo8r7Jj9dRruUjvaA2IZg==
ttacN+PQ6C3+zYPdwzoI7lEdVMn+-jodITO13Q==
tVbo5OFFkDFknNF7lXcEB0tLYPVNQlI1xyYBZA==
TVHqSuimKlXrmDG73HrHinX6DNxgFjERWVAKgQ==
tVQLYrKWOEXGYyJHQjBxirZBgOu3i2BLgrgrdw==
tVWMerk-zVc5kgnl8YY1PAfgfug2kpgkp1G9LQ==
TVYA9rl+2Rb0cAY+fMjxoLr3lJ0qoxEOGjNDYw==
tWs6Hqff8opqJSmxPaYrdC9vzFSirv1lhjocXg==
TXkhUAjAHVaVCpqpCpew0zmqg0orP7moK80mUQ==
TXlxy09qUbIkxChlZP5iHrWK0m9qWL5tFmjCQQ==
TZypeLveKYjK83uIuaYyciq9R4BVVPdLCi5oWg==
U-Fl9fFyMzCGw+INyp8yBHTBLERGf9ClZJLd6w==
U3GQpjo7DPHb9aF1AvV6NsHsBTQJy9oECICriQ==
U5jNPIa0sThsB3wSkiyX0Xvh+k87XaSjM31q5w==
U65D5frmTnM2nHQfEyOelWSmSiTfDZUebaaqvA==
u6IKMpFE8T4tY7WDUHTidxiUNN6IxNbPJ33H+A==
u8THh3K2CcZfwRWToLn9jnIlC6PBoi56Opiblg==
uaGfXjmsZ14pil8Xb-hr3XNCLaj3m4lKOlYeNg==
uay4oYKFNN55J5DFIr-+EkaBM8DmMVVM5ZZdJg==
UbGYVdWh4-59KNfqnOwNQmIjm1GN2naPySCxJQ==
Uf203jyfppTHR75+IsGRUzTwzY3S4vOti-28rQ==
UF7UK7dXcnTmtCICswt6eNUoL2pJzYDNo6LaAw==
UfNlZHRhDQCXXZZArwTKUQRpl87SAApdwXSnUw==
uGQpSpxGFHeAAYAYlzs0I2CtlIg2dYhz1hiVwA==
UH5-faYwjjqLUK+OkXgHp55DWbpBTnK1dK6oFw==
uHrBLNNJsNPdo4anAkl+EjBkyxKmrfumRZqAAQ==
uhzP-kZzoLVIBFE5SkLBoBv15mpVX1SvuCt2ig==
ui1EVOIhvG9s1KQ24o-8uEU5q0vBY-8K-BKF6Q==
ujcK4MLM54pCWDWfunBWyZbcZv-utIO2TOrsIg==
uliheH+Y5QBz2eb04k4cRasH-jDQNxlh1UvRbw==
uLS7B+48Jt6KDxF90Jq435+nqHLHUs1OkN+-SA==
UlY5P4JauNmVvHWaUetWLt-XrNZplaDUzbG-ZQ==
uNFKWO40kLkPJIPa7zeeBIizsPRITSdHKRhqIQ==
UoDHxs4sNHD30512lYpC2uuTJtiZy6mytx6koQ==
UQYTuzv+jl82HMouyUA3K5mzfkCGKCMLbc1uPw==
URNw1A663WWEQtQVxZYpXCidfdiu7LPh3gcmDg==
usLpNzMqfsEZRN23xnCzmuRflaKzfGHeQdFMsQ==
utizlmCC1M7jXQnAdgTDF0A4rwJNIKMnlMm8Kg==
uu8EUwmyFwTDzEE+auk0rIFg+-2+yzpcctcf-w==
uW08TTl84Rk4Cp-BryDVraPapbW5PJU7nuH8HA==
uxoN6rHxe-+8vcFdYK96-QUmuTJLYxrj6fkcAQ==
uXxbuntSR6nPYliS9aNYz4iHEwNvt0-2kIO9RA==
Uy1wcFy8ebmzhOT9sF9EDBkuyHtoGR2yeagfWA==
UzdjNfSi2lMusdOVEZiK7b7-ao+-RSQKn-vIyg==
uZKbx6TLPeiH5lt7PBCmnhBAK5+lM0OUD3mF5g==
UzmvW9wUHnWrBU0DhvS8Wjxs37Xzs69LsR3S2g==
uzrwN5-QLf+BhXopFIe741y4aT8Unb4wCioMDA==
uZWgI7+V0l+jHg92SwYb7c0YefSyRHZ7LLVwcA==
V+p-JIJllroYdYCaoKANo9j8DI+uslpaL2YbaA==
v-aGr+xqgKL9csqNpOemInw7O9rSC2Ba2-f4mA==
v-hYbazexmd9GvT8VFeOfBaR11n7cnDZ40t4Xg==
V0+ogsv0XLZ9z3CXYzgYdPkrCQzTOcqK3zxHaw==
V1ZaVdgUqQ2rxaT1SyKr9WwGH0rNlD+J5BgE1Q==
V2PubVdtmHVwToU20g+NsK6bMFF-nmw8Yp8zXw==
v7TCvqmfNnQuZVQme47YdLa0BPOT1dGvquP7KA==
V8DJkeAd2mGQqrASRWgm616Cb0uaX7G+mXu34w==
v8JOXOdMCFAnAkdVd+nlpqGTfwjHuQ7-V27Awg==
vBMxYaHpKd7H3AvS6FNCMUJckE-LQeAGQDsrAg==
vbnX5Nz2XXiznJOdR6vHbrow3ZE57u080-MtFg==
vBqI6Hhogs9JKlpFcDZIupzK5QflkmfsnHnZEg==
VBuBuOEZ6785OWhG99IwWgGIQow-+GV8p88YXA==
VDxlPJzxsvmjOO-0a5h7ICFf0RAhDc909sGhDA==
VEGD72ljcKVSFLq7UZySUa2X62mEJySlQ-qMRQ==
vEIZfuFwpyhVNe-2N3KbCiE+qumX6z+fSzY61g==
VEp7Xye-0j4OllHsbw2HBdrmmbq7uS4PvhefqA==
VFAg9dM9+Ek+JbHuZTFNWfRxTbR7WQUEECY5BQ==
vfmHxs8olLvj79zAksG71MKQB7PVu7d2hQ7Qlw==
vGRx04YrFHp6ptrLAgLVGolddjogSjTtI9I2Hw==
vGS44DfYCWZqsfiCmGBIeuvfHHtGtqWWtOZPjA==
VIW-NKmbo3631emPbqWRp-0nCxGhx8jh21sY0w==
Vj9WsrbEApxOt2fphZf8JCS+1WOKHtrmWzJPsQ==
vjbAyNIDnWcl8TSrL4xvfMPaeJ5ZPmNbDQ1oeg==
vJh91sl6t19u7wz2pWdD+CpgezboAJDkw-5Zog==
VKJzjQ8pbOgqIRk1ShVJiUp2j5Tws-QmE+aeuw==
vkXFofOOdw9JMQmfdDRqy+iikmT9WoP748RL+w==
vO5rmMoUagFPSQzZVUnXhcTccCSA-ahy50fsmA==
vozyLz45+8q7u+UBHeXVuUu4sNRHE5RYI6eZ+Q==
VpDPIpz8wEFjwt8U9Vavb29Qy5OQU2khBBllBw==
VPR5axfvPJ7EgALuKRTynidWuaX9vnh+t9ystw==
vq0F4UHctOjjWlDOxhzyew0k88lw3h4S6FrVMA==
vQSXkwdUZDHZnMsFztieR+g2nJxWVyH5sDZQxA==
VqtJPULRMblbAV1zGmw9pw1O0BDKjl2yDkE8IQ==
vrVm9iEIV2ugpi6L86UXfBQf9y0x-xvpRcDjlA==
vs3GMmJbKHLTg0chvJxLLlzThgYJbRAaJcLw2g==
vsapsUO8NgUFFdn9Tza0SwIkE+IsfmqRfZ8MAA==
vsbhEpqN7bOkaRfbDgf7J+bQUDcRr2d+vLQ+6w==
VuEzAd780PdyKz7WxXv4wfRBPAXNX5s8JZuzXA==
vx2d3GXC6556F3SyuF6UwmaJvUWGgBR+YFz2bg==
VxfyxoNmtRusopKGJIaFaR9zox8xJi2YF4w7Xw==
Vy-D3D6mjRxnlynJ5aEzJ5rRh8NwaqWqPe6bqQ==
VYdlHn6Nw5VcJurNFaD0fOpQgYrBO5o+xHRuCQ==
vzAWaLdfPvgxL5nIAlwS9PDB9gKPH1zY-rnTiQ==
w+zuY+a8yM9qC0jTldCMpBr-Q+ufpTQdaPcFiQ==
W-4L3QBBJ0Xo7z3dNZHD3iERmleJeRfTleHcFg==
W-NvXzF5izrDDhys4lsXcuazIa9gk7GMgOCtYA==
w0cLe2RRSxm-xCu86P2RrdXfq-H7JBgMXw0lfQ==
W1dAMaQDMWUZn1IiEgChX8kVGewQekaJ-cZ2Lw==
W4dUDRUSrDTG7DrizLHDY9IB1QzUgjqiXNZp7w==
W8J-hUNKSTQy-hBlitSuYjSrZre6p56JKYV9Hg==
w8xlA+I+1BhLvZWIfG108mQtYge0Lcdwq+aU8w==
w97RJl5OFLRBE3VFpXnZx4E6VTXtGOguqUh8Zg==
w9rKLqcO3nQFSbCqT9ByFCgzxLKxvVra-zd+9g==
Wa7IXs4UNVdNW266VL9d+aqIMMfj9P7pcnBNIw==
waANjtOcK3Cyx1tIAZBKJYivAM1R6CYA4D9Phw==
WAksS2rA7++sWtPQhgE0jK9lk38faqz1djWpNw==
waocpQITeiFbrgFfMWfTbNZFOgIIHiS4MohJEw==
wB9e4Tq7CA7okdfTm9HugeEP41JYaPP07EP17w==
wBUhwX0ezBZ8PW53xGO0i9tQGib3v8O+2Z93ig==
WD1EHbb7b21+8iI+6yBPExKWg-fsVidqrG-X8w==
Wd9MLJHAwHrJncsqTf7UJwVpzi5DOLOazk556Q==
WdcBfGLvMaZXq9DQ4FKWhdlVWj94ODRxVJ-BnQ==
wEGJwjagiC2bSQ9A4wUsOtDu6u9rusOuDFbK5w==
WeVEdfzXbhzPqXCfUAtgl6AZikeByteGwxDVXQ==
Wf9d8PM0RdOaJo+0kgegcGIPw+KoW-MWTtRc8A==
Wff0hOS2hm4lGYYEXkq+FrVuz9fBjC+jCu1xPA==
WgHfsY6eJz8eHD7PMG3hswYR4fUKDC15nKQ7PQ==
wHRV-VWFGLWA+REpQXmIZNyvZisXLfuuK322oA==
wi5lTGUGzpgqIX8OEIMz7laAhijNYY+8OoQv4w==
wJDgZMU9zn7+t5Ty3QBRVAlHtb46+ZUuzLcG9Q==
wK14ksCV8dx0ZPeuHu2TDSdEKBXsBlgEY6ww1A==
Wkg1e+t9xf3GAOWWzgM+uVMLqvS6JulqFUAt4w==
WLg79tfH7OeL8DTsbqW1CbWysNgMeUMKMalKig==
WlGGb+iQT0j4R-ypegI9uCG0x+hlzSti1+BUEw==
wMakaBSNMmOjh2XzSLsF9-weNZcIoftJaYb+bw==
wNMoNa+hf2G3YgULFAgswxaBHDHnePcSZq5sug==
WoCFLTsLljVppleKUc6sh04hvI7SsNzjXg63Mg==
wRPqc+ZzBFJx5dFeVv80rE738REpPS+Av60rCA==
wsALmfFksqc4o75rUgIfeQK7JFuD6LWNRzf8OA==
wsX0NlviYzolmWFMiGjvLrglmceQj40CKi2u1A==
wT8p4FBnQd6N5svZF99V68CHN-rx9wDZ5I7tfw==
wWPlPa7S-YPT7xhHKKViqTzhnwD7Dr7ISove0A==
wWvzp6uyWggaRSaelOzILr4b6to51jaB5H19tQ==
WYSywTkD-yvKwpDkYGuiwjSFXmWycChcdXaxNA==
wYySoq+tCnxlkvydberwGAf9LUXgcvMWSasriw==
X2Dc0bMpHkEL7dZlXbRDRaElyaWdiU4QE8h43w==
X2FOPTVE2+M+Gi9Vkne6KxA7ZrzgmYQGy5A51w==
X2k3HeCxZErgK-gTz4x257dvIPfZ5ZARBVLhjA==
X3WnnWi5PpfIHsCrmdLZRdK04JR2gsDAPbUo1w==
X7tGfdQ9ozFz3rlfdMEjSNOoDMTLfy9igMmxdA==
x8dVnL3GXlgBQxpiSp7LThGYXiqS7QIJQrLwAw==
Xb2N0tv25mwMr9rChTsZN6VOLuB3KoxMadMgIw==
XB7ag4YJRoISTWAaU961EKSepmRht7PQXtZ5ug==
xBoT5U7i9rmFuStFPjNwhHxuLQ1jIFMbtZ+wzA==
XBZPupv+V+KW0H5lY4hdVvHBEw0HihI3OHwRDw==
xChdNm41sPCGywBfuv6bsxDeZC7Fvk4phdZbOg==
XcU8g6-+p+y3yNNhCXE8tLnuyXGaqjzEqb2oKw==
XCUuiPw-V6KwE2vbYFk7FWe2kdr-eWD8zQFU9A==
xDEuzZXD356lAoDLi6I5gUlO-9bWopUyuEzjXQ==
XdKRFQd5jolgxN35yci6M19AcZcfYCr6PZCXJw==
XdXIIv3ozfnXgkfXAhR0Us2bVPQaq3YPO3bdBA==
XGaQfZ3IhoAzkYaoVpLvJLhqhKaKOpJ2d4-3hw==
xhqIzKn8EHIOMyYlbduV9s5TlmlryCazaQ9asA==
XivciXYOIT9OaUT6-Y1F2X1NPWShcstTMPa-Vw==
XjuRNQTYbqqUAU4iAq34PvnEH60FEakbsd+fQg==
Xk6Cp5pwQg06fY+TB4XN8muMKgapsnruHCyxnA==
xkUMVKmawvPUv5O6gCMVQqmjbLNJZ9tNQnIN3g==
XKZBya-bWnT5xP78PJlIQK5GWqFlEcrwDuMa8Q==
xleoKH93gHkH0xAhsrmEB6G4uHHFiCO6u6hSZQ==
XliHLC+3V6lthRFz9QfnGdXQnEYTi2AZD4tPog==
xNgzeaSgnqLW28nGpw9tHEM4GY0Cg10DI2hVbQ==
XNrkY2de9lcNOCJ6mf6fJdeDRK69aDbpjRjwmw==
xOzNyF47Ldn-+baU5FID9FHMUsM7OdV+lgFSHA==
XPVY369RF5jE9yLId9fqOUnlK1qmCh9txNnIgQ==
xQB3-kZSU4-Vgf6hgl-OXhAf2x0homuod7epbA==
xQwua1MxeQSdtLehUl3+Y0B6eg-qofZIsNZ+QQ==
xrQr6iRNd+NAEDZapXCR9Z1KPNY+CCC5g2ngGg==
XRryxPjFBq1-YbVIIVS9ccAbxniF7LRQgY9GaQ==
XSohw7UgqAxo-1bkwpxLo0M9+gptTDP+hZ1DgQ==
Xt1N95Of9u182aN3j74GwV1HhyxM-9ot1U6ieg==
xu923CSakJSPUjX7PO6yjQVe9sBy+rwtDgXoiw==
xU9dVYuILtB00bktjfM+aM30pPOsikG6Bs8bfQ==
XwlSxd2jAJt6+wOfEb0cAv0Ae-ikrZv6+-XTyw==
XWwnIKf4PQM2YwsxY3Gn+T9KzVYp7SVgtBwdQg==
XywWGSid73LW0SEI4VRZ4lKFBauFS99i1Aed-A==
XZf6y2eUdGVcXwM5Ebz+0ydgKM4wxm07gw096w==
xzI3if-I689X2mOpnWBnAnNe8Tcw90YIgdMjFg==
y3658cqHNA+IJ08YgZD4oXyykvXBNgfIbZ1YSA==
y3K5DVbq3yjKspCufnXIrZmZR74hAbRdJjIr3g==
Y5IQ9UMztOP5DWPTYC51cKVzAkX55CvWgllJew==
y685LXIAucXKHPxjA+-ROvWNi+asfObns2-QZg==
Y7pvfPsV4iYVcrk3go7njCBMhTBGOWKaZrjH5A==
y9gyniyDeNXYrGxuijGU8gcK8U8xtJtXp0IUVQ==
y9I2Je5dEbgAbExK0sMTflKlSuoX3OTrl+A3Cw==
YB7X5h7EsviQVoJPzV06wMiyw+E0ncdR4zjd1Q==
YBm2vKf3UUb3EjCiI2qU39nddOxZeEidXSu-RA==
ybrvKPd5liI0kWvnv6anO7vFcNuEpyV3JCw8lw==
yBY0-BotboH2hAXt+J6FbOAKnSJs-kmUk2-8Lg==
YcJfLgfoGxL646Hm6+8+uFXbyEY9hwllIgScBw==
yDTxiX6qblomUXtSo+oq+eCGdYd+4qkan4nz8w==
yEl5NEGHFfPbaTo3I3zmQADej01yqQpa-GIkHA==
yeP-7iY+ius2pDujG9u7oc4wxd+gqDVYvif7kg==
yeT6ijy4jzA0AWZd34iOLKJLVlXLZx-cPX1iNQ==
YgShyJHTAjZr9ZTAd3QaVhYCpFVGglEasir3Qg==
YHR2yTcFDb5Cz0XG5wwqO+TmRHcSqIjGFOfZIA==
yI7VTx5Da97UniqV0KqW-u+2+jrGOrr2e26urQ==
YJBcj8ukp1xBp8Nsys4RwvfgCJAaH5t6LW5TrA==
YjgX2hHRdO4JVWRJRwvGv+fjdH1c3LJdy2vvqg==
yjm6LJ8mFZT1KOWGib8HT23KttCqkV1gYV3cyw==
YKbVBuIVJfaskGi0+iaR3NT1eTPqejCt0O36Vw==
yl50dBwiPE4Z5fYvf3wX9vBPIujvlkUpKOMPYQ==
Ylm6J87qA5SHmnotuS2jPtM6gPsBYK0TV8tNzA==
ymx6f56t-7ujrkagSsTJvdEiQX2N5J+3d9yAzg==
ynm2ch7V5FQ6U8EWKpFhxLzZQJQHNnLNvGybUg==
yp9lM+Gmkx8V2nbirLHFzn2c1mBjEG-SUltj5g==
yPJmvjLDlTdNxd17nDP0lZKOA60Xols4BWQUhw==
YqGEIOyKggJQte7bOaT7oBxiktH-se9ssVbpNg==
YrEqDQPcydO0Xf5TUwKAq8qdIi8-TxPqnxGZ9w==
ytesTUAiITcAc9wsi0xzRidrbd8L8+hekTIwRw==
YtskF2yTZ+GA0B8qGnznCpihUCZnFuv0F2b4OA==
Ytu57EiHqucEm7ffqS83LOBvWRVzCoYLw4aqqA==
yu7dDcG5V8Tk46EZYh6aEKAqJ2so8nskFquhww==
YUJCccP-nFuc2AYYl+uUfSOmsRtEX-ph+SUtMg==
YV-IUXylvqzmJlCkEvF+BNlFZRtjP8uaTjJBkg==
yZg9A-czvVf8S0gx5ACxs3Xv6gXupinVOfdJWg==
YzHCG6Ky2EtX5m5RqNF0S4NIm5ArvwUg8P0vzg==
z-7WjzClZRyOyTz5q37rs70ieEzkL80NiPLlVA==
z-reb92gXRboVV5VW+j3W-Kd2mGhziqFl5UDoA==
z0ewbn77G6R1roc9VqW+tVfx9Yvd8VwNszyiwg==
z1Nv7GTAfOq8XSJtlxGUw-y0djOmwUaWxL3S6g==
z1Y+wSrd5+2KfjjGEYXuCfbvmdwbKHqxZqjV5g==
z2rrB4rfihUyuUdJiwR3uUr3rpZz6BdrC4Rq9A==
Z8U9uBNyvfbYH2grK5IA9FdO3XwKFp7n8wdP5A==
z9VUe7jY0uSkWeuHuzvfXEGjztgSyetE4er83g==
z9yIlGVzU5XyCd-yZctib4yPXwhWmLF-PAhz4g==
Za2SGQav4k6uSDXtrby0oarFgFd39pRcgae2Fg==
zAVRilAPbv2ka6t26b7HE2PBTn2ZB4Hcr1zDfg==
zbZP1IPhSJNUcAJLPcjdRXQfoXxYqp4k36Xczg==
zc74NHvke+0RQoK2PGzlN-C4VJIost33KJvM0Q==
ZCDK0mVoGB1jkyQSIUqZCQm9RU2EHZW72a-i5w==
zD11YymDxSlEESH1vqVb7FgvnaiSlQRZ9Q3fpA==
ZeFAlSZbswqZe7fDGPadQEITRMpik0kQpa4heA==
Zfj7TGCAzsyKHSrgog89EqueRigCM1gJjdejGA==
ZfK--akZfKyMHFLCq1fn7xn0yvApgearDtIKCw==
zFLM2mx+inU3jqYhiiWeTwV+ORo8t62w7D-V9w==
zFNAsWDaUQoOvnPjXevBs1-wSiZL9V7IzdZXBQ==
ZG9EmAj3XsRpa9COoaf6-CqPuQiXs3r3AAdxIQ==
ZGavAeGclfROWaBwHT4wvBFlVt8+Erz08E-LqA==
ZGe37zvab6cTTnSFYLOto0GpQWtU10yxhlOOyw==
ZgW+OqmcSmOe0iuUTs4myjdskFPURCvmMfNNLg==
ZJG-1vO6nRYtpZM0dhTJe2jRacxgfgfl3vajzQ==
zLirOaCERmYJSWyNWkca5HEZLATTSI1uMsbZZQ==
ZLjbIaAqIYcoWYb6cS7Ztcb01p6nfh+m8So4Ew==
ZLoS7+NBAPL1RP1xL55bgXM8TNnRrlBaFTOrAw==
zlpP8ywU1xLjZ3KUCL3haLi2NcozVYamd28E6A==
zm0XFe63PMJnxsbBRI3dqmuKL5VzR-Rl41AG7w==
zm2SE9mbbB3ZOpvp57ubJE1dx3MJB-AobNwt2Q==
ZM6-wOYoS4UVjB0d3u7tGfyCyHISMLsj-4L23g==
zm9pxmAYt-PvWGO4ee+OnQoojhuh7eQJXZ4jrA==
ZMXYifI2VGM8T00YzuCFTNRdr6xsPFy9YMJFrg==
zNa8dnPP1opGrOIYbIuT4F29V2ADmzQ0gt16tg==
ZNou6RF-v78WkfwBYloof-0r6RsjY1bB2B1uGg==
zOGWXUCU6tVuLo9N-Wz6U+bB0swx34e8cPCfSA==
zp4Qjo3Vml5rxP2WKLgtm1BU6qQkVKL73P7HEA==
zPshNwhoTthAHxrvhxqLEJmqrUDZCJgYHRw+eA==
zubor2Z1mAPqZqiBONAsM1JXxMvXBIF-U6NWPQ==
Zw61lwqKsEHAs-9PSKVVT59XMW9L6NHrZa0lVA==
zwcpB+oVQzeikg9bpiceq4BWrWJWXchXo7MI0w==
zwpnikEsFsL2Jl-c7ObJHgzm6ojqx82tKCp+iw==
zXYih4nwOmTmXbJ8mc1Kp0M-Uhn-RE8pgTxDYg==
zy+jb2gxQJAQsRh6vgBESBo59LYmruZoSjn0XQ==
ZYKNwTfAgEQDMtdvHCQNegbWtSZIj3NYOqlDuQ==
ZzIbcqJ2eVBbSrBSl2EuSS3c7MxDwAkzwBf03g==
